{
  "stats": {
    "suites": 13,
    "tests": 33,
    "passes": 33,
    "pending": 0,
    "failures": 0,
    "start": "2022-11-08T17:08:05.048Z",
    "end": "2022-11-08T17:09:06.927Z",
    "duration": 44838,
    "testsRegistered": 33,
    "passPercent": 100,
    "pendingPercent": 0,
    "other": 0,
    "hasOther": false,
    "skipped": 0,
    "hasSkipped": false
  },
  "results": [
    {
      "uuid": "65adb002-9931-47bb-bd9a-f8661282ae67",
      "title": "",
      "fullFile": "cypress/e2e/webDriver-uni/autocomplete-dropdown.cy.js",
      "file": "cypress/e2e/webDriver-uni/autocomplete-dropdown.cy.js",
      "beforeHooks": [],
      "afterHooks": [],
      "tests": [],
      "suites": [
        {
          "uuid": "6ba6c816-de24-4689-9352-574cbd323a23",
          "title": "Handling Autocomplete dropdown list",
          "fullFile": "",
          "file": "",
          "beforeHooks": [],
          "afterHooks": [],
          "tests": [
            {
              "title": "Select word from autocomplete dropdown list",
              "fullTitle": "Handling Autocomplete dropdown list Select word from autocomplete dropdown list",
              "timedOut": null,
              "duration": 3952,
              "state": "passed",
              "speed": "fast",
              "pass": true,
              "fail": false,
              "pending": false,
              "context": null,
              "code": "cy.get(\"#myInput\").type(\"L\");\ncy.get(\"#myInputautocomplete-list > *\").each(($el, index, $list) => {\n  const listItems = $el.text();\n  const itemSelected = \"Linguine\";\n  if (listItems === itemSelected) {\n    cy.wrap($el).click();\n    cy.get(\"#submit-button\").click();\n    cy.url().should(\"include\", itemSelected);\n  }\n}).then(() => {\n  cy.get(\"#myInput\").type(\"G\");\n  cy.get(\"#myInputautocomplete-list > *\").each(($el, index, $list) => {\n    const listItems = $el.text();\n    const itemSelected = \"Grapes\";\n    if (listItems === itemSelected) {\n      cy.wrap($el).click();\n      cy.get(\"#submit-button\").click();\n      cy.url().should(\"include\", itemSelected);\n    }\n  });\n});",
              "err": {},
              "uuid": "4c506681-2c4b-4e6c-910a-14774356cb24",
              "parentUUID": "6ba6c816-de24-4689-9352-574cbd323a23",
              "isHook": false,
              "skipped": false
            }
          ],
          "suites": [],
          "passes": [
            "4c506681-2c4b-4e6c-910a-14774356cb24"
          ],
          "failures": [],
          "pending": [],
          "skipped": [],
          "duration": 3952,
          "root": false,
          "rootEmpty": false,
          "_timeout": 2000
        }
      ],
      "passes": [],
      "failures": [],
      "pending": [],
      "skipped": [],
      "duration": 0,
      "root": true,
      "rootEmpty": true,
      "_timeout": 2000
    },
    {
      "uuid": "6608342f-28a8-4747-89bc-0191dc8d38a7",
      "title": "",
      "fullFile": "cypress/e2e/webDriver-uni/back-forward-reload.cy.js",
      "file": "cypress/e2e/webDriver-uni/back-forward-reload.cy.js",
      "beforeHooks": [],
      "afterHooks": [],
      "tests": [],
      "suites": [
        {
          "uuid": "9f5c8146-c37e-4ef6-987b-b27e03308da2",
          "title": "Browser Navigation",
          "fullFile": "",
          "file": "",
          "beforeHooks": [],
          "afterHooks": [],
          "tests": [
            {
              "title": "Confirm links redirect to correct page",
              "fullTitle": "Browser Navigation Confirm links redirect to correct page",
              "timedOut": null,
              "duration": 4371,
              "state": "passed",
              "speed": "fast",
              "pass": true,
              "fail": false,
              "pending": false,
              "context": null,
              "code": "cy.get(\"#contact-us\").invoke(\"removeAttr\", \"target\").click();\ncy.url().should(\"include\", \"contactus\"); //to go back we use cy.go()\ncy.go(\"back\");\ncy.reload(); //cy.reload(true) will reload page without using cache\ncy.go(\"forward\");\ncy.url().should(\"include\", \"contactus\");\ncy.go(\"back\");\ncy.get(\"#login-portal\").invoke(\"removeAttr\", \"target\").click();\ncy.url().should(\"include\", \"Login-Portal\");\ncy.go(\"back\");\ncy.get(\"#to-do-list\").invoke(\"removeAttr\", \"target\").click();\ncy.url().should(\"include\", \"To-Do-List\");\ncy.go(\"back\");\ncy.title().should(\"include\", \"WebDriverUniversity.com\");",
              "err": {},
              "uuid": "654c462f-1306-4219-b011-b9bc7c3e80df",
              "parentUUID": "9f5c8146-c37e-4ef6-987b-b27e03308da2",
              "isHook": false,
              "skipped": false
            }
          ],
          "suites": [],
          "passes": [
            "654c462f-1306-4219-b011-b9bc7c3e80df"
          ],
          "failures": [],
          "pending": [],
          "skipped": [],
          "duration": 4371,
          "root": false,
          "rootEmpty": false,
          "_timeout": 2000
        }
      ],
      "passes": [],
      "failures": [],
      "pending": [],
      "skipped": [],
      "duration": 0,
      "root": true,
      "rootEmpty": true,
      "_timeout": 2000
    },
    {
      "uuid": "f087c205-5f60-4afd-bf87-74963f73cb2e",
      "title": "",
      "fullFile": "cypress/e2e/webDriver-uni/contact-us.cy.js",
      "file": "cypress/e2e/webDriver-uni/contact-us.cy.js",
      "beforeHooks": [],
      "afterHooks": [],
      "tests": [],
      "suites": [
        {
          "uuid": "f92532af-4e63-4656-906c-8853086b08f8",
          "title": "Test Contact Us form via WebdriverUni",
          "fullFile": "",
          "file": "",
          "beforeHooks": [],
          "afterHooks": [],
          "tests": [
            {
              "title": "Should be able to submit a successful submission via contact us form",
              "fullTitle": "Test Contact Us form via WebdriverUni Should be able to submit a successful submission via contact us form",
              "timedOut": null,
              "duration": 3794,
              "state": "passed",
              "speed": "fast",
              "pass": true,
              "fail": false,
              "pending": false,
              "context": null,
              "code": "cy.document().should(\"have.property\", \"charset\").and(\"eq\", \"UTF-8\");\ncy.title().should(\"include\", \"WebDriver | Contact Us\");\ncy.url().should(\"include\", \"contactus\");\ncontact_Us_PO.contactSubmissionForm(data.first_name, data.last_name, data.email, \"How can I learn Cypress?\", \"h1\", \"Thank You for your Message!\");",
              "err": {},
              "uuid": "c67c5427-d2c2-4ee7-949c-c43a1991b845",
              "parentUUID": "f92532af-4e63-4656-906c-8853086b08f8",
              "isHook": false,
              "skipped": false
            },
            {
              "title": "Should not be able to submit a successful submission via contact us form as all fields are required",
              "fullTitle": "Test Contact Us form via WebdriverUni Should not be able to submit a successful submission via contact us form as all fields are required",
              "timedOut": null,
              "duration": 1696,
              "state": "passed",
              "speed": "fast",
              "pass": true,
              "fail": false,
              "pending": false,
              "context": null,
              "code": "cy.document().should(\"have.property\", \"charset\").and(\"eq\", \"UTF-8\");\ncy.title().should(\"include\", \"WebDriver | Contact Us\");\ncy.url().should(\"include\", \"contactus\");\ncontact_Us_PO.contactSubmissionForm(data.first_name, data.last_name, \" \", \"How can I learn Cypress?\", \"body\", \"Error: Invalid email address\");",
              "err": {},
              "uuid": "c8fbb88d-fe40-4d8b-aea2-415da1f092da",
              "parentUUID": "f92532af-4e63-4656-906c-8853086b08f8",
              "isHook": false,
              "skipped": false
            }
          ],
          "suites": [],
          "passes": [
            "c67c5427-d2c2-4ee7-949c-c43a1991b845",
            "c8fbb88d-fe40-4d8b-aea2-415da1f092da"
          ],
          "failures": [],
          "pending": [],
          "skipped": [],
          "duration": 5490,
          "root": false,
          "rootEmpty": false,
          "_timeout": 2000
        }
      ],
      "passes": [],
      "failures": [],
      "pending": [],
      "skipped": [],
      "duration": 0,
      "root": true,
      "rootEmpty": true,
      "_timeout": 2000
    },
    {
      "uuid": "92595abd-447f-4645-a02a-de66255b6706",
      "title": "",
      "fullFile": "cypress/e2e/webDriver-uni/date-picker.cy.js",
      "file": "cypress/e2e/webDriver-uni/date-picker.cy.js",
      "beforeHooks": [],
      "afterHooks": [],
      "tests": [],
      "suites": [
        {
          "uuid": "93ef1b2b-bcc3-4263-8e45-4bca00102f70",
          "title": "Hnadling datepicker",
          "fullFile": "",
          "file": "",
          "beforeHooks": [],
          "afterHooks": [],
          "tests": [
            {
              "title": "Selecting dates from a particular datepicker",
              "fullTitle": "Hnadling datepicker Selecting dates from a particular datepicker",
              "timedOut": null,
              "duration": 2432,
              "state": "passed",
              "speed": "fast",
              "pass": true,
              "fail": false,
              "pending": false,
              "context": null,
              "code": "// let date = new Date() //creating an object\n// date.setDate(date.getDate()) //this will get the current date\n// cy.log(date.getDate())\n// let date2 = new Date()\n// date2.setDate(date2.getDate() + 5)\n// cy.log(date2.getDate())\ncy.get(\"#datepicker\").click();\nvar date = new Date();\ndate.setDate(date.getDate() + 90);\nvar futureYear = date.getFullYear();\nvar futureMonth = date.toLocaleString(\"default\", {\n  month: \"long\"\n});\nvar futureDay = date.getDate();\ncy.log(\"Future year to select: \" + futureYear);\ncy.log(\"Future month to select: \" + futureMonth);\ncy.log(\"Future day to select: \" + futureDay);\nfunction selectMonthAndYear() {\n  cy.get('.datepicker-dropdown').find('.datepicker-switch').first().then(currentDate => {\n    if (!currentDate.text().includes(futureYear)) {\n      cy.get('.next').first().click();\n      selectMonthAndYear();\n    }\n  }).then(() => {\n    cy.get('.datepicker-dropdown').find('.datepicker-switch').first().then(currentDate => {\n      if (!currentDate.text().includes(futureMonth)) {\n        cy.get('.next').first().click();\n        selectMonthAndYear();\n      }\n    });\n  });\n}\nfunction selectFutureDay() {\n  cy.get('[class=\"day\"]').contains(futureDay).click();\n}\nselectMonthAndYear();\nselectFutureDay();",
              "err": {},
              "uuid": "ea375a43-9de1-4e77-8542-ab435b8315ff",
              "parentUUID": "93ef1b2b-bcc3-4263-8e45-4bca00102f70",
              "isHook": false,
              "skipped": false
            }
          ],
          "suites": [],
          "passes": [
            "ea375a43-9de1-4e77-8542-ab435b8315ff"
          ],
          "failures": [],
          "pending": [],
          "skipped": [],
          "duration": 2432,
          "root": false,
          "rootEmpty": false,
          "_timeout": 2000
        }
      ],
      "passes": [],
      "failures": [],
      "pending": [],
      "skipped": [],
      "duration": 0,
      "root": true,
      "rootEmpty": true,
      "_timeout": 2000
    },
    {
      "uuid": "d4438e9c-5269-4522-86c2-a33a031df4fd",
      "title": "",
      "fullFile": "cypress/e2e/webDriver-uni/handle-dropdown-list.cy.js",
      "file": "cypress/e2e/webDriver-uni/handle-dropdown-list.cy.js",
      "beforeHooks": [],
      "afterHooks": [],
      "tests": [],
      "suites": [
        {
          "uuid": "b15c6803-e626-4738-b99a-fae33200b57c",
          "title": "Handlinng Dropdown List",
          "fullFile": "",
          "file": "",
          "beforeHooks": [],
          "afterHooks": [],
          "tests": [
            {
              "title": "Selecting an options from the dropdown list",
              "fullTitle": "Handlinng Dropdown List Selecting an options from the dropdown list",
              "timedOut": null,
              "duration": 3033,
              "state": "passed",
              "speed": "fast",
              "pass": true,
              "fail": false,
              "pending": false,
              "context": null,
              "code": "cy.get(\"#dropdowm-menu-1\").select(\"C#\"); //We are asserting the value\ncy.get(\"#dropdowm-menu-2\").select(\"testng\").should(\"have.value\", \"testng\"); //Asserting with text\ncy.get(\"#dropdowm-menu-3\").select(\"JavaScript\").contains(\"JavaScript\");",
              "err": {},
              "uuid": "c9e295cb-d005-450e-bcb9-bf114c96f802",
              "parentUUID": "b15c6803-e626-4738-b99a-fae33200b57c",
              "isHook": false,
              "skipped": false
            }
          ],
          "suites": [],
          "passes": [
            "c9e295cb-d005-450e-bcb9-bf114c96f802"
          ],
          "failures": [],
          "pending": [],
          "skipped": [],
          "duration": 3033,
          "root": false,
          "rootEmpty": false,
          "_timeout": 2000
        }
      ],
      "passes": [],
      "failures": [],
      "pending": [],
      "skipped": [],
      "duration": 0,
      "root": true,
      "rootEmpty": true,
      "_timeout": 2000
    },
    {
      "uuid": "95ca458e-da3b-400d-ac30-33736a7d62fb",
      "title": "",
      "fullFile": "cypress/e2e/webDriver-uni/handle-js-alerts.cy.js",
      "file": "cypress/e2e/webDriver-uni/handle-js-alerts.cy.js",
      "beforeHooks": [],
      "afterHooks": [],
      "tests": [],
      "suites": [
        {
          "uuid": "da1d41bd-c38f-436d-b152-ae7a0e891211",
          "title": "Handlinng Alerts",
          "fullFile": "",
          "file": "",
          "beforeHooks": [],
          "afterHooks": [],
          "tests": [
            {
              "title": "Confirm I have clicked the Cancel button",
              "fullTitle": "Handlinng Alerts Confirm I have clicked the Cancel button",
              "timedOut": null,
              "duration": 1866,
              "state": "passed",
              "speed": "fast",
              "pass": true,
              "fail": false,
              "pending": false,
              "context": null,
              "code": "cy.get(\"#popup-alerts\").invoke(\"removeAttr\", \"target\").click();\ncy.url().should(\"include\", \"Popup-Alerts\"); //Validating I landed in the correct page so I extracted the text to confirm the page.\ncy.xpath(\"//div[@id='main-header']/h1\").then($alertsPage => {\n  const validateAlertsPage = $alertsPage.text();\n  expect(validateAlertsPage).to.eq(\"Annoying Popup & Alerts!\");\n});\ncy.get(\"#button4\").click(); //using window:confirm allows you to either select or cancel\ncy.on(\"window:confirm\", str => {\n  //user true to select OK on the alert or user false to select cancel\n  return false;\n});\ncy.get(\"#confirm-alert-text\").contains(\"You pressed Cancel!\");",
              "err": {},
              "uuid": "d98b71af-2db1-4c52-8a9b-5d80afea1b8a",
              "parentUUID": "da1d41bd-c38f-436d-b152-ae7a0e891211",
              "isHook": false,
              "skipped": false
            }
          ],
          "suites": [],
          "passes": [
            "d98b71af-2db1-4c52-8a9b-5d80afea1b8a"
          ],
          "failures": [],
          "pending": [],
          "skipped": [],
          "duration": 1866,
          "root": false,
          "rootEmpty": false,
          "_timeout": 2000
        }
      ],
      "passes": [],
      "failures": [],
      "pending": [],
      "skipped": [],
      "duration": 0,
      "root": true,
      "rootEmpty": true,
      "_timeout": 2000
    },
    {
      "uuid": "fc33252a-2e02-4c8b-aa60-e4957d78dd60",
      "title": "",
      "fullFile": "cypress/e2e/webDriver-uni/handling-data-tables.cy.js",
      "file": "cypress/e2e/webDriver-uni/handling-data-tables.cy.js",
      "beforeHooks": [],
      "afterHooks": [],
      "tests": [],
      "suites": [
        {
          "uuid": "0f9f9a69-a634-44f0-a902-3e5484504511",
          "title": "Hnadling data from tables",
          "fullFile": "",
          "file": "",
          "beforeHooks": [],
          "afterHooks": [],
          "tests": [
            {
              "title": "Calculate and assert the total age of all users",
              "fullTitle": "Hnadling data from tables Calculate and assert the total age of all users",
              "timedOut": null,
              "duration": 1709,
              "state": "passed",
              "speed": "fast",
              "pass": true,
              "fail": false,
              "pending": false,
              "context": null,
              "code": "let userDetails = [];\nlet totalAge = 0;\ncy.get(\"#thumbnail-1 td\").each($el => {\n  userDetails.push($el.text());\n}).then(() => {\n  for (let data of userDetails) {\n    if (Number(data)) {\n      totalAge += Number(data);\n    }\n  }\n  expect(totalAge).to.equal(322);\n});",
              "err": {},
              "uuid": "3dd34b30-d667-42ee-9b5b-39e8851fcb9b",
              "parentUUID": "0f9f9a69-a634-44f0-a902-3e5484504511",
              "isHook": false,
              "skipped": false
            },
            {
              "title": "Selecting a particular user from second column",
              "fullTitle": "Hnadling data from tables Selecting a particular user from second column",
              "timedOut": null,
              "duration": 501,
              "state": "passed",
              "speed": "fast",
              "pass": true,
              "fail": false,
              "pending": false,
              "context": null,
              "code": "cy.get(\"#thumbnail-1 tr td:nth-child(2)\").each(($el, index, $list) => {\n  const myText = $el.text();\n  if (myText.includes(\"Wood\")) {\n    cy.get(\"#thumbnail-1 tr td:nth-child(2)\").eq(index) //gets the indext instead of the name\n    .next() // goes to the next cell which is the age\n    .then(function (age) {\n      const usrAge = age.text();\n      expect(usrAge).to.equal(\"80\");\n    });\n  }\n});",
              "err": {},
              "uuid": "583a2ead-a230-4f8a-a25e-c73195bafbce",
              "parentUUID": "0f9f9a69-a634-44f0-a902-3e5484504511",
              "isHook": false,
              "skipped": false
            }
          ],
          "suites": [],
          "passes": [
            "3dd34b30-d667-42ee-9b5b-39e8851fcb9b",
            "583a2ead-a230-4f8a-a25e-c73195bafbce"
          ],
          "failures": [],
          "pending": [],
          "skipped": [],
          "duration": 2210,
          "root": false,
          "rootEmpty": false,
          "_timeout": 2000
        }
      ],
      "passes": [],
      "failures": [],
      "pending": [],
      "skipped": [],
      "duration": 0,
      "root": true,
      "rootEmpty": true,
      "_timeout": 2000
    },
    {
      "uuid": "a24052ad-4c18-4448-a3c3-eddba005c4be",
      "title": "",
      "fullFile": "cypress/e2e/webDriver-uni/mouse-actions.cy.js",
      "file": "cypress/e2e/webDriver-uni/mouse-actions.cy.js",
      "beforeHooks": [],
      "afterHooks": [],
      "tests": [],
      "suites": [
        {
          "uuid": "62598b71-4ade-4c22-bec2-bdaa3ee43fc8",
          "title": "Working with mouse actios",
          "fullFile": "",
          "file": "",
          "beforeHooks": [],
          "afterHooks": [],
          "tests": [
            {
              "title": "Click and hold mouse to validate change of color",
              "fullTitle": "Working with mouse actios Click and hold mouse to validate change of color",
              "timedOut": null,
              "duration": 2132,
              "state": "passed",
              "speed": "fast",
              "pass": true,
              "fail": false,
              "pending": false,
              "context": null,
              "code": "cy.xpath(\"//div[@id='click-box']\").trigger(\"mousedown\", {\n  which: 1\n}).then($element => {\n  expect($element).to.have.css(\"background-color\", \"rgb(0, 255, 0)\");\n});",
              "err": {},
              "uuid": "e8c45f85-dd9d-49a5-a487-c372f4226aa1",
              "parentUUID": "62598b71-4ade-4c22-bec2-bdaa3ee43fc8",
              "isHook": false,
              "skipped": false
            }
          ],
          "suites": [],
          "passes": [
            "e8c45f85-dd9d-49a5-a487-c372f4226aa1"
          ],
          "failures": [],
          "pending": [],
          "skipped": [],
          "duration": 2132,
          "root": false,
          "rootEmpty": false,
          "_timeout": 2000
        }
      ],
      "passes": [],
      "failures": [],
      "pending": [],
      "skipped": [],
      "duration": 0,
      "root": true,
      "rootEmpty": true,
      "_timeout": 2000
    },
    {
      "uuid": "7778efbb-8abe-4320-84e1-eca2b25b900e",
      "title": "",
      "fullFile": "cypress/e2e/webDriver-uni/traversing-elements.cy.js",
      "file": "cypress/e2e/webDriver-uni/traversing-elements.cy.js",
      "beforeHooks": [],
      "afterHooks": [],
      "tests": [],
      "suites": [
        {
          "uuid": "ba268b62-75f6-4e8b-88b0-04446da6eb76",
          "title": "Traversing DOM elements in Cypress",
          "fullFile": "",
          "file": "",
          "beforeHooks": [],
          "afterHooks": [],
          "tests": [
            {
              "title": "children() to get the children of DOM elements",
              "fullTitle": "Traversing DOM elements in Cypress children() to get the children of DOM elements",
              "timedOut": null,
              "duration": 1719,
              "state": "passed",
              "speed": "fast",
              "pass": true,
              "fail": false,
              "pending": false,
              "context": null,
              "code": "cy.get(\".traversal-breadcrumb\").children(\".active\").should(\"contain\", \"Contact Us\");",
              "err": {},
              "uuid": "66a2ca35-d3d0-4a51-8a3b-c0c34ccfe313",
              "parentUUID": "ba268b62-75f6-4e8b-88b0-04446da6eb76",
              "isHook": false,
              "skipped": false
            },
            {
              "title": "closest() to validate the closest ancestor DOM element",
              "fullTitle": "Traversing DOM elements in Cypress closest() to validate the closest ancestor DOM element",
              "timedOut": null,
              "duration": 515,
              "state": "passed",
              "speed": "fast",
              "pass": true,
              "fail": false,
              "pending": false,
              "context": null,
              "code": "cy.get(\".traversal-badge\").closest(\"ul\").should(\"have.class\", \"list-group\");",
              "err": {},
              "uuid": "7792203d-5049-4e62-9d9b-18328890173c",
              "parentUUID": "ba268b62-75f6-4e8b-88b0-04446da6eb76",
              "isHook": false,
              "skipped": false
            },
            {
              "title": "eq() to retrieve a specific element based on index",
              "fullTitle": "Traversing DOM elements in Cypress eq() to retrieve a specific element based on index",
              "timedOut": null,
              "duration": 496,
              "state": "passed",
              "speed": "fast",
              "pass": true,
              "fail": false,
              "pending": false,
              "context": null,
              "code": "cy.get(\".traversal-drinks-list > *\").eq(2).should(\"contain\", \"Milk\");",
              "err": {},
              "uuid": "083ff91a-2208-409e-90c9-ab4953d690a2",
              "parentUUID": "ba268b62-75f6-4e8b-88b0-04446da6eb76",
              "isHook": false,
              "skipped": false
            },
            {
              "title": "filter() to retrieve DOM elements that match a specific selector",
              "fullTitle": "Traversing DOM elements in Cypress filter() to retrieve DOM elements that match a specific selector",
              "timedOut": null,
              "duration": 487,
              "state": "passed",
              "speed": "fast",
              "pass": true,
              "fail": false,
              "pending": false,
              "context": null,
              "code": "cy.get(\".btn-group-toggle > *\").filter(\".active\").should(\"contain\", \"Button-1\");",
              "err": {},
              "uuid": "dd5560cd-91cc-46f3-b342-862eaf995f62",
              "parentUUID": "ba268b62-75f6-4e8b-88b0-04446da6eb76",
              "isHook": false,
              "skipped": false
            },
            {
              "title": "find() to retrieve DOM elements of a given selector",
              "fullTitle": "Traversing DOM elements in Cypress find() to retrieve DOM elements of a given selector",
              "timedOut": null,
              "duration": 517,
              "state": "passed",
              "speed": "fast",
              "pass": true,
              "fail": false,
              "pending": false,
              "context": null,
              "code": "cy.get(\".traversal-pagination\").find(\"li\").find(\"a\").should(\"have.length\", 7);",
              "err": {},
              "uuid": "c8907a15-2d21-4a88-a6cc-4e01834bbdf3",
              "parentUUID": "ba268b62-75f6-4e8b-88b0-04446da6eb76",
              "isHook": false,
              "skipped": false
            },
            {
              "title": "first() to retrieve the first DOM element within elements ",
              "fullTitle": "Traversing DOM elements in Cypress first() to retrieve the first DOM element within elements ",
              "timedOut": null,
              "duration": 493,
              "state": "passed",
              "speed": "fast",
              "pass": true,
              "fail": false,
              "pending": false,
              "context": null,
              "code": "cy.get(\".traversal-table > tbody > tr\").first().should(\"contain\", \"Andy\");",
              "err": {},
              "uuid": "347cf663-4589-4059-bc1e-18be013d30d8",
              "parentUUID": "ba268b62-75f6-4e8b-88b0-04446da6eb76",
              "isHook": false,
              "skipped": false
            },
            {
              "title": "last() to retrieve the last DOM element within elements",
              "fullTitle": "Traversing DOM elements in Cypress last() to retrieve the last DOM element within elements",
              "timedOut": null,
              "duration": 493,
              "state": "passed",
              "speed": "fast",
              "pass": true,
              "fail": false,
              "pending": false,
              "context": null,
              "code": "cy.get(\".traversal-table > tbody > tr\").last().should(\"contain\", \"Scott\");",
              "err": {},
              "uuid": "5180fccb-1494-47d8-a69e-0b52dd5dac79",
              "parentUUID": "ba268b62-75f6-4e8b-88b0-04446da6eb76",
              "isHook": false,
              "skipped": false
            },
            {
              "title": "nextAll() to get all of the next sibling DOM elements within elements",
              "fullTitle": "Traversing DOM elements in Cypress nextAll() to get all of the next sibling DOM elements within elements",
              "timedOut": null,
              "duration": 493,
              "state": "passed",
              "speed": "fast",
              "pass": true,
              "fail": false,
              "pending": false,
              "context": null,
              "code": "cy.get(\".traversal-drinks-list\").contains(\"Tea\").nextAll().should(\"have.length\", 3);",
              "err": {},
              "uuid": "d0cbe35a-6d55-408f-9036-bcbb2048da34",
              "parentUUID": "ba268b62-75f6-4e8b-88b0-04446da6eb76",
              "isHook": false,
              "skipped": false
            },
            {
              "title": "nextUntil() to get all of the next sibling DOM elements within elements until another element",
              "fullTitle": "Traversing DOM elements in Cypress nextUntil() to get all of the next sibling DOM elements within elements until another element",
              "timedOut": null,
              "duration": 499,
              "state": "passed",
              "speed": "fast",
              "pass": true,
              "fail": false,
              "pending": false,
              "context": null,
              "code": "cy.get(\"#coffee\").nextUntil(\"#milk\");",
              "err": {},
              "uuid": "b0b98191-f4a2-477c-94d4-4c183d63e9c5",
              "parentUUID": "ba268b62-75f6-4e8b-88b0-04446da6eb76",
              "isHook": false,
              "skipped": false
            },
            {
              "title": "not() to remove DOM element(s) from the set of elements",
              "fullTitle": "Traversing DOM elements in Cypress not() to remove DOM element(s) from the set of elements",
              "timedOut": null,
              "duration": 520,
              "state": "passed",
              "speed": "fast",
              "pass": true,
              "fail": false,
              "pending": false,
              "context": null,
              "code": "cy.get(\".traversal-button-states > button\").not(\".disabled\").should(\"not.have.class\", \"disabled\");",
              "err": {},
              "uuid": "7ce2f55f-effd-4ee2-ac27-c68533baca68",
              "parentUUID": "ba268b62-75f6-4e8b-88b0-04446da6eb76",
              "isHook": false,
              "skipped": false
            },
            {
              "title": "parent() To get parent DOM element of elements",
              "fullTitle": "Traversing DOM elements in Cypress parent() To get parent DOM element of elements",
              "timedOut": null,
              "duration": 507,
              "state": "passed",
              "speed": "fast",
              "pass": true,
              "fail": false,
              "pending": false,
              "context": null,
              "code": "cy.get(\".traversal-mark\").parent().should(\"contain\", \"Lorem ipsum dolor sit amet,\");",
              "err": {},
              "uuid": "21116132-9d52-4824-8e7b-30664c490afd",
              "parentUUID": "ba268b62-75f6-4e8b-88b0-04446da6eb76",
              "isHook": false,
              "skipped": false
            },
            {
              "title": "parents() to get parents DOM element of elements",
              "fullTitle": "Traversing DOM elements in Cypress parents() to get parents DOM element of elements",
              "timedOut": null,
              "duration": 505,
              "state": "passed",
              "speed": "fast",
              "pass": true,
              "fail": false,
              "pending": false,
              "context": null,
              "code": "cy.get(\".traversal-cite\").parents().should(\"match\", \"blockquote\");",
              "err": {},
              "uuid": "5f1c56a9-6453-46cb-a4d2-818cf50595f3",
              "parentUUID": "ba268b62-75f6-4e8b-88b0-04446da6eb76",
              "isHook": false,
              "skipped": false
            },
            {
              "title": "prev() to get the previous sibling DOM element within elements",
              "fullTitle": "Traversing DOM elements in Cypress prev() to get the previous sibling DOM element within elements",
              "timedOut": null,
              "duration": 492,
              "state": "passed",
              "speed": "fast",
              "pass": true,
              "fail": false,
              "pending": false,
              "context": null,
              "code": "cy.get(\"#sugar\").prev().contains(\"Espresso\");",
              "err": {},
              "uuid": "9310942e-25b9-4ff4-b84a-ca6e0e2ba2a0",
              "parentUUID": "ba268b62-75f6-4e8b-88b0-04446da6eb76",
              "isHook": false,
              "skipped": false
            },
            {
              "title": "prevAll() to get all previous sibling DOM elements within elements",
              "fullTitle": "Traversing DOM elements in Cypress prevAll() to get all previous sibling DOM elements within elements",
              "timedOut": null,
              "duration": 627,
              "state": "passed",
              "speed": "fast",
              "pass": true,
              "fail": false,
              "pending": false,
              "context": null,
              "code": "cy.get(\".sales\").prevAll().should(\"have.length\", 2);",
              "err": {},
              "uuid": "25b18241-8d48-4ad2-b712-e9d3fb92df8e",
              "parentUUID": "ba268b62-75f6-4e8b-88b0-04446da6eb76",
              "isHook": false,
              "skipped": false
            },
            {
              "title": "prevUntil() to get all previous sibling DOM elements within elements until other element",
              "fullTitle": "Traversing DOM elements in Cypress prevUntil() to get all previous sibling DOM elements within elements until other element",
              "timedOut": null,
              "duration": 490,
              "state": "passed",
              "speed": "fast",
              "pass": true,
              "fail": false,
              "pending": false,
              "context": null,
              "code": "cy.get(\"#veggie\").prevUntil(\"#fruits\").should(\"have.length\", 5);",
              "err": {},
              "uuid": "13a025e4-0e8f-4ae1-8c20-241e3f67315a",
              "parentUUID": "ba268b62-75f6-4e8b-88b0-04446da6eb76",
              "isHook": false,
              "skipped": false
            },
            {
              "title": "siblings() To get all sibling DOM elements of elements",
              "fullTitle": "Traversing DOM elements in Cypress siblings() To get all sibling DOM elements of elements",
              "timedOut": null,
              "duration": 488,
              "state": "passed",
              "speed": "fast",
              "pass": true,
              "fail": false,
              "pending": false,
              "context": null,
              "code": "cy.get(\".traversal-button-other-states .active\").siblings().should(\"have.length\", 3);",
              "err": {},
              "uuid": "8398e806-a1a5-487c-af36-75803cfbf55d",
              "parentUUID": "ba268b62-75f6-4e8b-88b0-04446da6eb76",
              "isHook": false,
              "skipped": false
            }
          ],
          "suites": [],
          "passes": [
            "66a2ca35-d3d0-4a51-8a3b-c0c34ccfe313",
            "7792203d-5049-4e62-9d9b-18328890173c",
            "083ff91a-2208-409e-90c9-ab4953d690a2",
            "dd5560cd-91cc-46f3-b342-862eaf995f62",
            "c8907a15-2d21-4a88-a6cc-4e01834bbdf3",
            "347cf663-4589-4059-bc1e-18be013d30d8",
            "5180fccb-1494-47d8-a69e-0b52dd5dac79",
            "d0cbe35a-6d55-408f-9036-bcbb2048da34",
            "b0b98191-f4a2-477c-94d4-4c183d63e9c5",
            "7ce2f55f-effd-4ee2-ac27-c68533baca68",
            "21116132-9d52-4824-8e7b-30664c490afd",
            "5f1c56a9-6453-46cb-a4d2-818cf50595f3",
            "9310942e-25b9-4ff4-b84a-ca6e0e2ba2a0",
            "25b18241-8d48-4ad2-b712-e9d3fb92df8e",
            "13a025e4-0e8f-4ae1-8c20-241e3f67315a",
            "8398e806-a1a5-487c-af36-75803cfbf55d"
          ],
          "failures": [],
          "pending": [],
          "skipped": [],
          "duration": 9341,
          "root": false,
          "rootEmpty": false,
          "_timeout": 2000
        }
      ],
      "passes": [],
      "failures": [],
      "pending": [],
      "skipped": [],
      "duration": 0,
      "root": true,
      "rootEmpty": true,
      "_timeout": 2000
    },
    {
      "uuid": "1da480fd-39c8-4f83-a546-03e81fd93c59",
      "title": "",
      "fullFile": "cypress/e2e/webDriver-uni/upload-file.cy.js",
      "file": "cypress/e2e/webDriver-uni/upload-file.cy.js",
      "beforeHooks": [],
      "afterHooks": [],
      "tests": [],
      "suites": [
        {
          "uuid": "5e782b5c-c3e8-45a4-9305-8ff24e91ac8f",
          "title": "Test Uploading files",
          "fullFile": "",
          "file": "",
          "beforeHooks": [],
          "afterHooks": [],
          "tests": [
            {
              "title": "Uploading file",
              "fullTitle": "Test Uploading files Uploading file",
              "timedOut": null,
              "duration": 2094,
              "state": "passed",
              "speed": "fast",
              "pass": true,
              "fail": false,
              "pending": false,
              "context": null,
              "code": "cy.get(\"#myFile\").selectFile(\"cypress/fixtures/laptop.png\");\ncy.get(\"#submit-button\").click();",
              "err": {},
              "uuid": "ea855911-1899-4c64-afad-1758a15fa948",
              "parentUUID": "5e782b5c-c3e8-45a4-9305-8ff24e91ac8f",
              "isHook": false,
              "skipped": false
            },
            {
              "title": "Upload No file...",
              "fullTitle": "Test Uploading files Upload No file...",
              "timedOut": null,
              "duration": 964,
              "state": "passed",
              "speed": "fast",
              "pass": true,
              "fail": false,
              "pending": false,
              "context": null,
              "code": "cy.visit(\"/\");\ncy.get('#file-upload').invoke('removeAttr', 'target').click({\n  force: true\n});",
              "err": {},
              "uuid": "27b91a63-bd24-47bc-988b-9e4abc9d951a",
              "parentUUID": "5e782b5c-c3e8-45a4-9305-8ff24e91ac8f",
              "isHook": false,
              "skipped": false
            }
          ],
          "suites": [],
          "passes": [
            "ea855911-1899-4c64-afad-1758a15fa948",
            "27b91a63-bd24-47bc-988b-9e4abc9d951a"
          ],
          "failures": [],
          "pending": [],
          "skipped": [],
          "duration": 3058,
          "root": false,
          "rootEmpty": false,
          "_timeout": 2000
        }
      ],
      "passes": [],
      "failures": [],
      "pending": [],
      "skipped": [],
      "duration": 0,
      "root": true,
      "rootEmpty": true,
      "_timeout": 2000
    },
    {
      "uuid": "b129546e-cf91-443f-ab87-266a8cf6ac23",
      "title": "",
      "fullFile": "cypress/e2e/webDriver-uni/working-with-iframes.cy.js",
      "file": "cypress/e2e/webDriver-uni/working-with-iframes.cy.js",
      "beforeHooks": [],
      "afterHooks": [],
      "tests": [],
      "suites": [
        {
          "uuid": "7509b371-b1d2-4ab7-8b33-20e016a509a1",
          "title": "Handlinng Alerts",
          "fullFile": "",
          "file": "",
          "beforeHooks": [],
          "afterHooks": [],
          "tests": [
            {
              "title": "Confirm Correct Text Alert",
              "fullTitle": "Handlinng Alerts Confirm Correct Text Alert",
              "timedOut": null,
              "duration": 3148,
              "state": "passed",
              "speed": "fast",
              "pass": true,
              "fail": false,
              "pending": false,
              "context": null,
              "code": "cy.get(\"#iframe\").invoke(\"removeAttr\", \"target\").click();\ncy.url().should(\"include\", \"IFrame\"); //We are using an alias to get access to the body where the other elements are allocated\ncy.get(\"#frame\").then($iframe => {\n  const body = $iframe.contents().find(\"body\");\n  cy.wrap(body).as(\"iframe\");\n});\ncy.get(\"@iframe\").find(\"#button-find-out-more\").click();\ncy.get(\"@iframe\").find(\"#myModal\").as(\"modal\");\ncy.get(\"@modal\").should($expectedText => {\n  const text = $expectedText.text();\n  expect(text).to.include(\"Welcome to webdriveruniversity.com we sell a wide range of electrical goods \");\n});\ncy.get(\"@modal\").contains(\"Close\").click();",
              "err": {},
              "uuid": "084946f7-22e0-4b38-a960-5aad0301c4ce",
              "parentUUID": "7509b371-b1d2-4ab7-8b33-20e016a509a1",
              "isHook": false,
              "skipped": false
            }
          ],
          "suites": [],
          "passes": [
            "084946f7-22e0-4b38-a960-5aad0301c4ce"
          ],
          "failures": [],
          "pending": [],
          "skipped": [],
          "duration": 3148,
          "root": false,
          "rootEmpty": false,
          "_timeout": 2000
        }
      ],
      "passes": [],
      "failures": [],
      "pending": [],
      "skipped": [],
      "duration": 0,
      "root": true,
      "rootEmpty": true,
      "_timeout": 2000
    },
    {
      "uuid": "eadc817d-d6b7-401e-a20b-f9545b23fb82",
      "title": "",
      "fullFile": "cypress/e2e/webDriver-uni/working-with-radioBtns.cy.js",
      "file": "cypress/e2e/webDriver-uni/working-with-radioBtns.cy.js",
      "beforeHooks": [],
      "afterHooks": [],
      "tests": [],
      "suites": [
        {
          "uuid": "073ebbfb-ce2b-4577-9bc2-9a353104184e",
          "title": "Handlinng Radio BTNS",
          "fullFile": "",
          "file": "",
          "beforeHooks": [],
          "afterHooks": [],
          "tests": [
            {
              "title": "Selected & Disabled",
              "fullTitle": "Handlinng Radio BTNS Selected & Disabled",
              "timedOut": null,
              "duration": 1849,
              "state": "passed",
              "speed": "fast",
              "pass": true,
              "fail": false,
              "pending": false,
              "context": null,
              "code": "cy.get(\"[id='radio-buttons-selected-disabled']\").find(\"[value='lettuce']\").should(\"not.be.checked\");\ncy.get(\"[id='radio-buttons-selected-disabled']\").find(\"[value='cabbage']\").should(\"not.be.checked\");\ncy.get(\"[id='radio-buttons-selected-disabled']\").find(\"[value='pumpkin']\").should(\"be.checked\");",
              "err": {},
              "uuid": "99350e96-2c89-4b3d-8d92-df4956174a0f",
              "parentUUID": "073ebbfb-ce2b-4577-9bc2-9a353104184e",
              "isHook": false,
              "skipped": false
            }
          ],
          "suites": [],
          "passes": [
            "99350e96-2c89-4b3d-8d92-df4956174a0f"
          ],
          "failures": [],
          "pending": [],
          "skipped": [],
          "duration": 1849,
          "root": false,
          "rootEmpty": false,
          "_timeout": 2000
        }
      ],
      "passes": [],
      "failures": [],
      "pending": [],
      "skipped": [],
      "duration": 0,
      "root": true,
      "rootEmpty": true,
      "_timeout": 2000
    },
    {
      "uuid": "ae86e4d6-cdeb-42ea-bb66-4efad1d8103c",
      "title": "",
      "fullFile": "cypress/e2e/webDriver-uni/working-with-txtboxes.cy.js",
      "file": "cypress/e2e/webDriver-uni/working-with-txtboxes.cy.js",
      "beforeHooks": [],
      "afterHooks": [],
      "tests": [],
      "suites": [
        {
          "uuid": "e4f4d0ef-20de-4b82-acfc-81f148b38f3b",
          "title": "Handlinng Text Boxes, Radial Buttons and More",
          "fullFile": "",
          "file": "",
          "beforeHooks": [],
          "afterHooks": [],
          "tests": [
            {
              "title": "Selecting a checkbox and validating is checked",
              "fullTitle": "Handlinng Text Boxes, Radial Buttons and More Selecting a checkbox and validating is checked",
              "timedOut": null,
              "duration": 1097,
              "state": "passed",
              "speed": "fast",
              "pass": true,
              "fail": false,
              "pending": false,
              "context": null,
              "code": "cy.title(\"WebDriver | Dropdown Menu(s) | Checkboxe(s) | Radio Button(s)\");\ncy.xpath(\"//input[@value='option-1']\").check().should(\"be.checked\");",
              "err": {},
              "uuid": "c703de61-bef4-44a8-9a10-aff0ddc6e443",
              "parentUUID": "e4f4d0ef-20de-4b82-acfc-81f148b38f3b",
              "isHook": false,
              "skipped": false
            },
            {
              "title": "Unselect a checkbox and validate it is unchecked",
              "fullTitle": "Handlinng Text Boxes, Radial Buttons and More Unselect a checkbox and validate it is unchecked",
              "timedOut": null,
              "duration": 341,
              "state": "passed",
              "speed": "fast",
              "pass": true,
              "fail": false,
              "pending": false,
              "context": null,
              "code": "//cy.xpath(\"//input[@value='option-3']\").parent().as(\"checkBox3\")\ncy.get(\":nth-child(5) > input\").as(\"checkBox3\");\ncy.get(\"@checkBox3\").uncheck().should(\"not.be.checked\");",
              "err": {},
              "uuid": "02e6ad15-b00a-4525-822b-ba6cbe2096d1",
              "parentUUID": "e4f4d0ef-20de-4b82-acfc-81f148b38f3b",
              "isHook": false,
              "skipped": false
            },
            {
              "title": "Selecting All Checkboxes",
              "fullTitle": "Handlinng Text Boxes, Radial Buttons and More Selecting All Checkboxes",
              "timedOut": null,
              "duration": 518,
              "state": "passed",
              "speed": "fast",
              "pass": true,
              "fail": false,
              "pending": false,
              "context": null,
              "code": "cy.get(\"input[type='checkbox']\").check([\"option-1\", \"option-2\", \"option-3\", \"option-4\"]).should(\"be.checked\");",
              "err": {},
              "uuid": "958a799f-0793-445d-ae9b-05b6536d0fbc",
              "parentUUID": "e4f4d0ef-20de-4b82-acfc-81f148b38f3b",
              "isHook": false,
              "skipped": false
            }
          ],
          "suites": [],
          "passes": [
            "c703de61-bef4-44a8-9a10-aff0ddc6e443",
            "02e6ad15-b00a-4525-822b-ba6cbe2096d1",
            "958a799f-0793-445d-ae9b-05b6536d0fbc"
          ],
          "failures": [],
          "pending": [],
          "skipped": [],
          "duration": 1956,
          "root": false,
          "rootEmpty": false,
          "_timeout": 2000
        }
      ],
      "passes": [],
      "failures": [],
      "pending": [],
      "skipped": [],
      "duration": 0,
      "root": true,
      "rootEmpty": true,
      "_timeout": 2000
    }
  ],
  "meta": {
    "mocha": {
      "version": "7.0.1"
    },
    "mochawesome": {
      "options": {
        "quiet": true,
        "reportFilename": "mochawesome",
        "saveHtml": false,
        "saveJson": true,
        "consoleReporter": "spec",
        "useInlineDiffs": false,
        "code": true
      },
      "version": "7.1.3"
    },
    "marge": {
      "options": {
        "id": "default",
        "reportDir": "cypress/results/mochawesome",
        "quiet": true,
        "overwrite": false,
        "html": false,
        "json": true
      },
      "version": "6.2.0"
    }
  }
}