{
  "stats": {
    "suites": 1,
    "tests": 3,
    "passes": 3,
    "pending": 0,
    "failures": 0,
    "start": "2022-11-08T17:39:16.024Z",
    "end": "2022-11-08T17:39:18.110Z",
    "duration": 2086,
    "testsRegistered": 3,
    "passPercent": 100,
    "pendingPercent": 0,
    "other": 0,
    "hasOther": false,
    "skipped": 0,
    "hasSkipped": false
  },
  "results": [
    {
      "uuid": "9b526144-b58b-451e-a17f-b1b28f04d8e5",
      "title": "",
      "fullFile": "cypress/e2e/webDriver-uni/working-with-txtboxes.cy.js",
      "file": "cypress/e2e/webDriver-uni/working-with-txtboxes.cy.js",
      "beforeHooks": [],
      "afterHooks": [],
      "tests": [],
      "suites": [
        {
          "uuid": "a5280669-3665-4ed6-92e3-564a0107849f",
          "title": "Handlinng Text Boxes, Radial Buttons and More",
          "fullFile": "",
          "file": "",
          "beforeHooks": [],
          "afterHooks": [],
          "tests": [
            {
              "title": "Selecting a checkbox and validating is checked",
              "fullTitle": "Handlinng Text Boxes, Radial Buttons and More Selecting a checkbox and validating is checked",
              "timedOut": null,
              "duration": 1192,
              "state": "passed",
              "speed": "fast",
              "pass": true,
              "fail": false,
              "pending": false,
              "context": null,
              "code": "cy.title(\"WebDriver | Dropdown Menu(s) | Checkboxe(s) | Radio Button(s)\");\ncy.xpath(\"//input[@value='option-1']\").check().should(\"be.checked\");",
              "err": {},
              "uuid": "9954dfce-0d0d-42d7-91c0-b7975484f3ba",
              "parentUUID": "a5280669-3665-4ed6-92e3-564a0107849f",
              "isHook": false,
              "skipped": false
            },
            {
              "title": "Unselect a checkbox and validate it is unchecked",
              "fullTitle": "Handlinng Text Boxes, Radial Buttons and More Unselect a checkbox and validate it is unchecked",
              "timedOut": null,
              "duration": 335,
              "state": "passed",
              "speed": "fast",
              "pass": true,
              "fail": false,
              "pending": false,
              "context": null,
              "code": "//cy.xpath(\"//input[@value='option-3']\").parent().as(\"checkBox3\")\ncy.get(\":nth-child(5) > input\").as(\"checkBox3\");\ncy.get(\"@checkBox3\").uncheck().should(\"not.be.checked\");",
              "err": {},
              "uuid": "14ae9e6a-a1b1-4c35-8d41-83fc7845beec",
              "parentUUID": "a5280669-3665-4ed6-92e3-564a0107849f",
              "isHook": false,
              "skipped": false
            },
            {
              "title": "Selecting All Checkboxes",
              "fullTitle": "Handlinng Text Boxes, Radial Buttons and More Selecting All Checkboxes",
              "timedOut": null,
              "duration": 521,
              "state": "passed",
              "speed": "fast",
              "pass": true,
              "fail": false,
              "pending": false,
              "context": null,
              "code": "cy.get(\"input[type='checkbox']\").check([\"option-1\", \"option-2\", \"option-3\", \"option-4\"]).should(\"be.checked\");",
              "err": {},
              "uuid": "91c24437-5235-416d-a274-bc499a3ff806",
              "parentUUID": "a5280669-3665-4ed6-92e3-564a0107849f",
              "isHook": false,
              "skipped": false
            }
          ],
          "suites": [],
          "passes": [
            "9954dfce-0d0d-42d7-91c0-b7975484f3ba",
            "14ae9e6a-a1b1-4c35-8d41-83fc7845beec",
            "91c24437-5235-416d-a274-bc499a3ff806"
          ],
          "failures": [],
          "pending": [],
          "skipped": [],
          "duration": 2048,
          "root": false,
          "rootEmpty": false,
          "_timeout": 2000
        }
      ],
      "passes": [],
      "failures": [],
      "pending": [],
      "skipped": [],
      "duration": 0,
      "root": true,
      "rootEmpty": true,
      "_timeout": 2000
    }
  ],
  "meta": {
    "mocha": {
      "version": "7.0.1"
    },
    "mochawesome": {
      "options": {
        "quiet": true,
        "reportFilename": "mochawesome",
        "saveHtml": false,
        "saveJson": true,
        "consoleReporter": "spec",
        "useInlineDiffs": false,
        "code": true
      },
      "version": "7.1.3"
    },
    "marge": {
      "options": {
        "id": "default",
        "reportDir": "cypress/results/mochawesome",
        "quiet": true,
        "overwrite": false,
        "html": false,
        "json": true
      },
      "version": "6.2.0"
    }
  }
}