{
  "stats": {
    "suites": 1,
    "tests": 16,
    "passes": 16,
    "pending": 0,
    "failures": 0,
    "start": "2022-11-08T17:38:44.853Z",
    "end": "2022-11-08T17:38:56.874Z",
    "duration": 12021,
    "testsRegistered": 16,
    "passPercent": 100,
    "pendingPercent": 0,
    "other": 0,
    "hasOther": false,
    "skipped": 0,
    "hasSkipped": false
  },
  "results": [
    {
      "uuid": "fa15a499-2b64-4100-a3d1-145043d8d84b",
      "title": "",
      "fullFile": "cypress/e2e/webDriver-uni/traversing-elements.cy.js",
      "file": "cypress/e2e/webDriver-uni/traversing-elements.cy.js",
      "beforeHooks": [],
      "afterHooks": [],
      "tests": [],
      "suites": [
        {
          "uuid": "99458305-5106-4305-8767-f969ebc7d362",
          "title": "Traversing DOM elements in Cypress",
          "fullFile": "",
          "file": "",
          "beforeHooks": [],
          "afterHooks": [],
          "tests": [
            {
              "title": "children() to get the children of DOM elements",
              "fullTitle": "Traversing DOM elements in Cypress children() to get the children of DOM elements",
              "timedOut": null,
              "duration": 1998,
              "state": "passed",
              "speed": "fast",
              "pass": true,
              "fail": false,
              "pending": false,
              "context": null,
              "code": "cy.get(\".traversal-breadcrumb\").children(\".active\").should(\"contain\", \"Contact Us\");",
              "err": {},
              "uuid": "0b4becfa-d6bc-4e66-be1a-83b09231e836",
              "parentUUID": "99458305-5106-4305-8767-f969ebc7d362",
              "isHook": false,
              "skipped": false
            },
            {
              "title": "closest() to validate the closest ancestor DOM element",
              "fullTitle": "Traversing DOM elements in Cypress closest() to validate the closest ancestor DOM element",
              "timedOut": null,
              "duration": 569,
              "state": "passed",
              "speed": "fast",
              "pass": true,
              "fail": false,
              "pending": false,
              "context": null,
              "code": "cy.get(\".traversal-badge\").closest(\"ul\").should(\"have.class\", \"list-group\");",
              "err": {},
              "uuid": "2bb0393a-d5ab-4be6-bf30-6f2b9b61481f",
              "parentUUID": "99458305-5106-4305-8767-f969ebc7d362",
              "isHook": false,
              "skipped": false
            },
            {
              "title": "eq() to retrieve a specific element based on index",
              "fullTitle": "Traversing DOM elements in Cypress eq() to retrieve a specific element based on index",
              "timedOut": null,
              "duration": 563,
              "state": "passed",
              "speed": "fast",
              "pass": true,
              "fail": false,
              "pending": false,
              "context": null,
              "code": "cy.get(\".traversal-drinks-list > *\").eq(2).should(\"contain\", \"Milk\");",
              "err": {},
              "uuid": "81ab245c-a146-4da1-b655-d5cb3412a8d7",
              "parentUUID": "99458305-5106-4305-8767-f969ebc7d362",
              "isHook": false,
              "skipped": false
            },
            {
              "title": "filter() to retrieve DOM elements that match a specific selector",
              "fullTitle": "Traversing DOM elements in Cypress filter() to retrieve DOM elements that match a specific selector",
              "timedOut": null,
              "duration": 556,
              "state": "passed",
              "speed": "fast",
              "pass": true,
              "fail": false,
              "pending": false,
              "context": null,
              "code": "cy.get(\".btn-group-toggle > *\").filter(\".active\").should(\"contain\", \"Button-1\");",
              "err": {},
              "uuid": "e899cc55-53b2-4cfa-9443-5a5a6e8eaa41",
              "parentUUID": "99458305-5106-4305-8767-f969ebc7d362",
              "isHook": false,
              "skipped": false
            },
            {
              "title": "find() to retrieve DOM elements of a given selector",
              "fullTitle": "Traversing DOM elements in Cypress find() to retrieve DOM elements of a given selector",
              "timedOut": null,
              "duration": 580,
              "state": "passed",
              "speed": "fast",
              "pass": true,
              "fail": false,
              "pending": false,
              "context": null,
              "code": "cy.get(\".traversal-pagination\").find(\"li\").find(\"a\").should(\"have.length\", 7);",
              "err": {},
              "uuid": "773a1585-3739-4851-89e6-8d33b3cdf3cd",
              "parentUUID": "99458305-5106-4305-8767-f969ebc7d362",
              "isHook": false,
              "skipped": false
            },
            {
              "title": "first() to retrieve the first DOM element within elements ",
              "fullTitle": "Traversing DOM elements in Cypress first() to retrieve the first DOM element within elements ",
              "timedOut": null,
              "duration": 557,
              "state": "passed",
              "speed": "fast",
              "pass": true,
              "fail": false,
              "pending": false,
              "context": null,
              "code": "cy.get(\".traversal-table > tbody > tr\").first().should(\"contain\", \"Andy\");",
              "err": {},
              "uuid": "eeb651ad-de29-441f-afc0-106dc6a5b370",
              "parentUUID": "99458305-5106-4305-8767-f969ebc7d362",
              "isHook": false,
              "skipped": false
            },
            {
              "title": "last() to retrieve the last DOM element within elements",
              "fullTitle": "Traversing DOM elements in Cypress last() to retrieve the last DOM element within elements",
              "timedOut": null,
              "duration": 1950,
              "state": "passed",
              "speed": "fast",
              "pass": true,
              "fail": false,
              "pending": false,
              "context": null,
              "code": "cy.get(\".traversal-table > tbody > tr\").last().should(\"contain\", \"Scott\");",
              "err": {},
              "uuid": "c74e4925-3af3-40d0-96c8-683d31ea7360",
              "parentUUID": "99458305-5106-4305-8767-f969ebc7d362",
              "isHook": false,
              "skipped": false
            },
            {
              "title": "nextAll() to get all of the next sibling DOM elements within elements",
              "fullTitle": "Traversing DOM elements in Cypress nextAll() to get all of the next sibling DOM elements within elements",
              "timedOut": null,
              "duration": 554,
              "state": "passed",
              "speed": "fast",
              "pass": true,
              "fail": false,
              "pending": false,
              "context": null,
              "code": "cy.get(\".traversal-drinks-list\").contains(\"Tea\").nextAll().should(\"have.length\", 3);",
              "err": {},
              "uuid": "c9e9051e-6345-4236-9e95-b48808fe6c46",
              "parentUUID": "99458305-5106-4305-8767-f969ebc7d362",
              "isHook": false,
              "skipped": false
            },
            {
              "title": "nextUntil() to get all of the next sibling DOM elements within elements until another element",
              "fullTitle": "Traversing DOM elements in Cypress nextUntil() to get all of the next sibling DOM elements within elements until another element",
              "timedOut": null,
              "duration": 550,
              "state": "passed",
              "speed": "fast",
              "pass": true,
              "fail": false,
              "pending": false,
              "context": null,
              "code": "cy.get(\"#coffee\").nextUntil(\"#milk\");",
              "err": {},
              "uuid": "7070b691-c642-476c-9b6c-14d12b16c59b",
              "parentUUID": "99458305-5106-4305-8767-f969ebc7d362",
              "isHook": false,
              "skipped": false
            },
            {
              "title": "not() to remove DOM element(s) from the set of elements",
              "fullTitle": "Traversing DOM elements in Cypress not() to remove DOM element(s) from the set of elements",
              "timedOut": null,
              "duration": 728,
              "state": "passed",
              "speed": "fast",
              "pass": true,
              "fail": false,
              "pending": false,
              "context": null,
              "code": "cy.get(\".traversal-button-states > button\").not(\".disabled\").should(\"not.have.class\", \"disabled\");",
              "err": {},
              "uuid": "ab60ca97-4953-4a1c-bd6c-cb7c8febc4bf",
              "parentUUID": "99458305-5106-4305-8767-f969ebc7d362",
              "isHook": false,
              "skipped": false
            },
            {
              "title": "parent() To get parent DOM element of elements",
              "fullTitle": "Traversing DOM elements in Cypress parent() To get parent DOM element of elements",
              "timedOut": null,
              "duration": 544,
              "state": "passed",
              "speed": "fast",
              "pass": true,
              "fail": false,
              "pending": false,
              "context": null,
              "code": "cy.get(\".traversal-mark\").parent().should(\"contain\", \"Lorem ipsum dolor sit amet,\");",
              "err": {},
              "uuid": "b0a84f09-d66d-4be4-89d4-a2d3e2b2cf67",
              "parentUUID": "99458305-5106-4305-8767-f969ebc7d362",
              "isHook": false,
              "skipped": false
            },
            {
              "title": "parents() to get parents DOM element of elements",
              "fullTitle": "Traversing DOM elements in Cypress parents() to get parents DOM element of elements",
              "timedOut": null,
              "duration": 579,
              "state": "passed",
              "speed": "fast",
              "pass": true,
              "fail": false,
              "pending": false,
              "context": null,
              "code": "cy.get(\".traversal-cite\").parents().should(\"match\", \"blockquote\");",
              "err": {},
              "uuid": "e6b0fb8c-2bb3-462a-8768-53c84af7a83d",
              "parentUUID": "99458305-5106-4305-8767-f969ebc7d362",
              "isHook": false,
              "skipped": false
            },
            {
              "title": "prev() to get the previous sibling DOM element within elements",
              "fullTitle": "Traversing DOM elements in Cypress prev() to get the previous sibling DOM element within elements",
              "timedOut": null,
              "duration": 535,
              "state": "passed",
              "speed": "fast",
              "pass": true,
              "fail": false,
              "pending": false,
              "context": null,
              "code": "cy.get(\"#sugar\").prev().contains(\"Espresso\");",
              "err": {},
              "uuid": "cf5bf21e-001f-4e5e-ab01-d289853f9556",
              "parentUUID": "99458305-5106-4305-8767-f969ebc7d362",
              "isHook": false,
              "skipped": false
            },
            {
              "title": "prevAll() to get all previous sibling DOM elements within elements",
              "fullTitle": "Traversing DOM elements in Cypress prevAll() to get all previous sibling DOM elements within elements",
              "timedOut": null,
              "duration": 554,
              "state": "passed",
              "speed": "fast",
              "pass": true,
              "fail": false,
              "pending": false,
              "context": null,
              "code": "cy.get(\".sales\").prevAll().should(\"have.length\", 2);",
              "err": {},
              "uuid": "6fd0f44f-a4e9-4190-9327-ac7e7a29e5f2",
              "parentUUID": "99458305-5106-4305-8767-f969ebc7d362",
              "isHook": false,
              "skipped": false
            },
            {
              "title": "prevUntil() to get all previous sibling DOM elements within elements until other element",
              "fullTitle": "Traversing DOM elements in Cypress prevUntil() to get all previous sibling DOM elements within elements until other element",
              "timedOut": null,
              "duration": 568,
              "state": "passed",
              "speed": "fast",
              "pass": true,
              "fail": false,
              "pending": false,
              "context": null,
              "code": "cy.get(\"#veggie\").prevUntil(\"#fruits\").should(\"have.length\", 5);",
              "err": {},
              "uuid": "6d84dd05-f862-414e-babe-48f36f51ca0f",
              "parentUUID": "99458305-5106-4305-8767-f969ebc7d362",
              "isHook": false,
              "skipped": false
            },
            {
              "title": "siblings() To get all sibling DOM elements of elements",
              "fullTitle": "Traversing DOM elements in Cypress siblings() To get all sibling DOM elements of elements",
              "timedOut": null,
              "duration": 554,
              "state": "passed",
              "speed": "fast",
              "pass": true,
              "fail": false,
              "pending": false,
              "context": null,
              "code": "cy.get(\".traversal-button-other-states .active\").siblings().should(\"have.length\", 3);",
              "err": {},
              "uuid": "7ad8be97-2177-4122-bcf9-c82eaba1e437",
              "parentUUID": "99458305-5106-4305-8767-f969ebc7d362",
              "isHook": false,
              "skipped": false
            }
          ],
          "suites": [],
          "passes": [
            "0b4becfa-d6bc-4e66-be1a-83b09231e836",
            "2bb0393a-d5ab-4be6-bf30-6f2b9b61481f",
            "81ab245c-a146-4da1-b655-d5cb3412a8d7",
            "e899cc55-53b2-4cfa-9443-5a5a6e8eaa41",
            "773a1585-3739-4851-89e6-8d33b3cdf3cd",
            "eeb651ad-de29-441f-afc0-106dc6a5b370",
            "c74e4925-3af3-40d0-96c8-683d31ea7360",
            "c9e9051e-6345-4236-9e95-b48808fe6c46",
            "7070b691-c642-476c-9b6c-14d12b16c59b",
            "ab60ca97-4953-4a1c-bd6c-cb7c8febc4bf",
            "b0a84f09-d66d-4be4-89d4-a2d3e2b2cf67",
            "e6b0fb8c-2bb3-462a-8768-53c84af7a83d",
            "cf5bf21e-001f-4e5e-ab01-d289853f9556",
            "6fd0f44f-a4e9-4190-9327-ac7e7a29e5f2",
            "6d84dd05-f862-414e-babe-48f36f51ca0f",
            "7ad8be97-2177-4122-bcf9-c82eaba1e437"
          ],
          "failures": [],
          "pending": [],
          "skipped": [],
          "duration": 11939,
          "root": false,
          "rootEmpty": false,
          "_timeout": 2000
        }
      ],
      "passes": [],
      "failures": [],
      "pending": [],
      "skipped": [],
      "duration": 0,
      "root": true,
      "rootEmpty": true,
      "_timeout": 2000
    }
  ],
  "meta": {
    "mocha": {
      "version": "7.0.1"
    },
    "mochawesome": {
      "options": {
        "quiet": true,
        "reportFilename": "mochawesome",
        "saveHtml": false,
        "saveJson": true,
        "consoleReporter": "spec",
        "useInlineDiffs": false,
        "code": true
      },
      "version": "7.1.3"
    },
    "marge": {
      "options": {
        "id": "default",
        "reportDir": "cypress/results/mochawesome",
        "quiet": true,
        "overwrite": false,
        "html": false,
        "json": true
      },
      "version": "6.2.0"
    }
  }
}