{
  "stats": {
    "suites": 1,
    "tests": 2,
    "passes": 2,
    "pending": 0,
    "failures": 0,
    "start": "2022-11-08T17:08:52.881Z",
    "end": "2022-11-08T17:08:55.983Z",
    "duration": 3102,
    "testsRegistered": 2,
    "passPercent": 100,
    "pendingPercent": 0,
    "other": 0,
    "hasOther": false,
    "skipped": 0,
    "hasSkipped": false
  },
  "results": [
    {
      "uuid": "1da480fd-39c8-4f83-a546-03e81fd93c59",
      "title": "",
      "fullFile": "cypress/e2e/webDriver-uni/upload-file.cy.js",
      "file": "cypress/e2e/webDriver-uni/upload-file.cy.js",
      "beforeHooks": [],
      "afterHooks": [],
      "tests": [],
      "suites": [
        {
          "uuid": "5e782b5c-c3e8-45a4-9305-8ff24e91ac8f",
          "title": "Test Uploading files",
          "fullFile": "",
          "file": "",
          "beforeHooks": [],
          "afterHooks": [],
          "tests": [
            {
              "title": "Uploading file",
              "fullTitle": "Test Uploading files Uploading file",
              "timedOut": null,
              "duration": 2094,
              "state": "passed",
              "speed": "fast",
              "pass": true,
              "fail": false,
              "pending": false,
              "context": null,
              "code": "cy.get(\"#myFile\").selectFile(\"cypress/fixtures/laptop.png\");\ncy.get(\"#submit-button\").click();",
              "err": {},
              "uuid": "ea855911-1899-4c64-afad-1758a15fa948",
              "parentUUID": "5e782b5c-c3e8-45a4-9305-8ff24e91ac8f",
              "isHook": false,
              "skipped": false
            },
            {
              "title": "Upload No file...",
              "fullTitle": "Test Uploading files Upload No file...",
              "timedOut": null,
              "duration": 964,
              "state": "passed",
              "speed": "fast",
              "pass": true,
              "fail": false,
              "pending": false,
              "context": null,
              "code": "cy.visit(\"/\");\ncy.get('#file-upload').invoke('removeAttr', 'target').click({\n  force: true\n});",
              "err": {},
              "uuid": "27b91a63-bd24-47bc-988b-9e4abc9d951a",
              "parentUUID": "5e782b5c-c3e8-45a4-9305-8ff24e91ac8f",
              "isHook": false,
              "skipped": false
            }
          ],
          "suites": [],
          "passes": [
            "ea855911-1899-4c64-afad-1758a15fa948",
            "27b91a63-bd24-47bc-988b-9e4abc9d951a"
          ],
          "failures": [],
          "pending": [],
          "skipped": [],
          "duration": 3058,
          "root": false,
          "rootEmpty": false,
          "_timeout": 2000
        }
      ],
      "passes": [],
      "failures": [],
      "pending": [],
      "skipped": [],
      "duration": 0,
      "root": true,
      "rootEmpty": true,
      "_timeout": 2000
    }
  ],
  "meta": {
    "mocha": {
      "version": "7.0.1"
    },
    "mochawesome": {
      "options": {
        "quiet": true,
        "reportFilename": "mochawesome",
        "saveHtml": false,
        "saveJson": true,
        "consoleReporter": "spec",
        "useInlineDiffs": false,
        "code": true
      },
      "version": "7.1.3"
    },
    "marge": {
      "options": {
        "id": "default",
        "reportDir": "cypress/results/mochawesome",
        "quiet": true,
        "overwrite": false,
        "html": false,
        "json": true
      },
      "version": "6.2.0"
    }
  }
}