{
  "stats": {
    "suites": 1,
    "tests": 1,
    "passes": 1,
    "pending": 0,
    "failures": 0,
    "start": "2022-11-08T17:37:54.533Z",
    "end": "2022-11-08T17:37:58.884Z",
    "duration": 4351,
    "testsRegistered": 1,
    "passPercent": 100,
    "pendingPercent": 0,
    "other": 0,
    "hasOther": false,
    "skipped": 0,
    "hasSkipped": false
  },
  "results": [
    {
      "uuid": "cfbf8fcc-0886-4eb2-93f6-c7465c0c08a9",
      "title": "",
      "fullFile": "cypress/e2e/webDriver-uni/autocomplete-dropdown.cy.js",
      "file": "cypress/e2e/webDriver-uni/autocomplete-dropdown.cy.js",
      "beforeHooks": [],
      "afterHooks": [],
      "tests": [],
      "suites": [
        {
          "uuid": "2f47e065-a8a0-44c8-84b4-2eb0b119248f",
          "title": "Handling Autocomplete dropdown list",
          "fullFile": "",
          "file": "",
          "beforeHooks": [],
          "afterHooks": [],
          "tests": [
            {
              "title": "Select word from autocomplete dropdown list",
              "fullTitle": "Handling Autocomplete dropdown list Select word from autocomplete dropdown list",
              "timedOut": null,
              "duration": 4295,
              "state": "passed",
              "speed": "fast",
              "pass": true,
              "fail": false,
              "pending": false,
              "context": null,
              "code": "cy.get(\"#myInput\").type(\"L\");\ncy.get(\"#myInputautocomplete-list > *\").each(($el, index, $list) => {\n  const listItems = $el.text();\n  const itemSelected = \"Linguine\";\n  if (listItems === itemSelected) {\n    cy.wrap($el).click();\n    cy.get(\"#submit-button\").click();\n    cy.url().should(\"include\", itemSelected);\n  }\n}).then(() => {\n  cy.get(\"#myInput\").type(\"G\");\n  cy.get(\"#myInputautocomplete-list > *\").each(($el, index, $list) => {\n    const listItems = $el.text();\n    const itemSelected = \"Grapes\";\n    if (listItems === itemSelected) {\n      cy.wrap($el).click();\n      cy.get(\"#submit-button\").click();\n      cy.url().should(\"include\", itemSelected);\n    }\n  });\n});",
              "err": {},
              "uuid": "45024f57-08f2-48aa-bd35-b8fe4655a23b",
              "parentUUID": "2f47e065-a8a0-44c8-84b4-2eb0b119248f",
              "isHook": false,
              "skipped": false
            }
          ],
          "suites": [],
          "passes": [
            "45024f57-08f2-48aa-bd35-b8fe4655a23b"
          ],
          "failures": [],
          "pending": [],
          "skipped": [],
          "duration": 4295,
          "root": false,
          "rootEmpty": false,
          "_timeout": 2000
        }
      ],
      "passes": [],
      "failures": [],
      "pending": [],
      "skipped": [],
      "duration": 0,
      "root": true,
      "rootEmpty": true,
      "_timeout": 2000
    }
  ],
  "meta": {
    "mocha": {
      "version": "7.0.1"
    },
    "mochawesome": {
      "options": {
        "quiet": true,
        "reportFilename": "mochawesome",
        "saveHtml": false,
        "saveJson": true,
        "consoleReporter": "spec",
        "useInlineDiffs": false,
        "code": true
      },
      "version": "7.1.3"
    },
    "marge": {
      "options": {
        "id": "default",
        "reportDir": "cypress/results/mochawesome",
        "quiet": true,
        "overwrite": false,
        "html": false,
        "json": true
      },
      "version": "6.2.0"
    }
  }
}