{
  "stats": {
    "suites": 1,
    "tests": 1,
    "passes": 1,
    "pending": 0,
    "failures": 0,
    "start": "2022-11-08T17:08:31.294Z",
    "end": "2022-11-08T17:08:33.185Z",
    "duration": 1891,
    "testsRegistered": 1,
    "passPercent": 100,
    "pendingPercent": 0,
    "other": 0,
    "hasOther": false,
    "skipped": 0,
    "hasSkipped": false
  },
  "results": [
    {
      "uuid": "95ca458e-da3b-400d-ac30-33736a7d62fb",
      "title": "",
      "fullFile": "cypress/e2e/webDriver-uni/handle-js-alerts.cy.js",
      "file": "cypress/e2e/webDriver-uni/handle-js-alerts.cy.js",
      "beforeHooks": [],
      "afterHooks": [],
      "tests": [],
      "suites": [
        {
          "uuid": "da1d41bd-c38f-436d-b152-ae7a0e891211",
          "title": "Handlinng Alerts",
          "fullFile": "",
          "file": "",
          "beforeHooks": [],
          "afterHooks": [],
          "tests": [
            {
              "title": "Confirm I have clicked the Cancel button",
              "fullTitle": "Handlinng Alerts Confirm I have clicked the Cancel button",
              "timedOut": null,
              "duration": 1866,
              "state": "passed",
              "speed": "fast",
              "pass": true,
              "fail": false,
              "pending": false,
              "context": null,
              "code": "cy.get(\"#popup-alerts\").invoke(\"removeAttr\", \"target\").click();\ncy.url().should(\"include\", \"Popup-Alerts\"); //Validating I landed in the correct page so I extracted the text to confirm the page.\ncy.xpath(\"//div[@id='main-header']/h1\").then($alertsPage => {\n  const validateAlertsPage = $alertsPage.text();\n  expect(validateAlertsPage).to.eq(\"Annoying Popup & Alerts!\");\n});\ncy.get(\"#button4\").click(); //using window:confirm allows you to either select or cancel\ncy.on(\"window:confirm\", str => {\n  //user true to select OK on the alert or user false to select cancel\n  return false;\n});\ncy.get(\"#confirm-alert-text\").contains(\"You pressed Cancel!\");",
              "err": {},
              "uuid": "d98b71af-2db1-4c52-8a9b-5d80afea1b8a",
              "parentUUID": "da1d41bd-c38f-436d-b152-ae7a0e891211",
              "isHook": false,
              "skipped": false
            }
          ],
          "suites": [],
          "passes": [
            "d98b71af-2db1-4c52-8a9b-5d80afea1b8a"
          ],
          "failures": [],
          "pending": [],
          "skipped": [],
          "duration": 1866,
          "root": false,
          "rootEmpty": false,
          "_timeout": 2000
        }
      ],
      "passes": [],
      "failures": [],
      "pending": [],
      "skipped": [],
      "duration": 0,
      "root": true,
      "rootEmpty": true,
      "_timeout": 2000
    }
  ],
  "meta": {
    "mocha": {
      "version": "7.0.1"
    },
    "mochawesome": {
      "options": {
        "quiet": true,
        "reportFilename": "mochawesome",
        "saveHtml": false,
        "saveJson": true,
        "consoleReporter": "spec",
        "useInlineDiffs": false,
        "code": true
      },
      "version": "7.1.3"
    },
    "marge": {
      "options": {
        "id": "default",
        "reportDir": "cypress/results/mochawesome",
        "quiet": true,
        "overwrite": false,
        "html": false,
        "json": true
      },
      "version": "6.2.0"
    }
  }
}