{
  "stats": {
    "suites": 1,
    "tests": 3,
    "passes": 3,
    "pending": 0,
    "failures": 0,
    "start": "2022-11-08T17:09:04.928Z",
    "end": "2022-11-08T17:09:06.927Z",
    "duration": 1999,
    "testsRegistered": 3,
    "passPercent": 100,
    "pendingPercent": 0,
    "other": 0,
    "hasOther": false,
    "skipped": 0,
    "hasSkipped": false
  },
  "results": [
    {
      "uuid": "ae86e4d6-cdeb-42ea-bb66-4efad1d8103c",
      "title": "",
      "fullFile": "cypress/e2e/webDriver-uni/working-with-txtboxes.cy.js",
      "file": "cypress/e2e/webDriver-uni/working-with-txtboxes.cy.js",
      "beforeHooks": [],
      "afterHooks": [],
      "tests": [],
      "suites": [
        {
          "uuid": "e4f4d0ef-20de-4b82-acfc-81f148b38f3b",
          "title": "Handlinng Text Boxes, Radial Buttons and More",
          "fullFile": "",
          "file": "",
          "beforeHooks": [],
          "afterHooks": [],
          "tests": [
            {
              "title": "Selecting a checkbox and validating is checked",
              "fullTitle": "Handlinng Text Boxes, Radial Buttons and More Selecting a checkbox and validating is checked",
              "timedOut": null,
              "duration": 1097,
              "state": "passed",
              "speed": "fast",
              "pass": true,
              "fail": false,
              "pending": false,
              "context": null,
              "code": "cy.title(\"WebDriver | Dropdown Menu(s) | Checkboxe(s) | Radio Button(s)\");\ncy.xpath(\"//input[@value='option-1']\").check().should(\"be.checked\");",
              "err": {},
              "uuid": "c703de61-bef4-44a8-9a10-aff0ddc6e443",
              "parentUUID": "e4f4d0ef-20de-4b82-acfc-81f148b38f3b",
              "isHook": false,
              "skipped": false
            },
            {
              "title": "Unselect a checkbox and validate it is unchecked",
              "fullTitle": "Handlinng Text Boxes, Radial Buttons and More Unselect a checkbox and validate it is unchecked",
              "timedOut": null,
              "duration": 341,
              "state": "passed",
              "speed": "fast",
              "pass": true,
              "fail": false,
              "pending": false,
              "context": null,
              "code": "//cy.xpath(\"//input[@value='option-3']\").parent().as(\"checkBox3\")\ncy.get(\":nth-child(5) > input\").as(\"checkBox3\");\ncy.get(\"@checkBox3\").uncheck().should(\"not.be.checked\");",
              "err": {},
              "uuid": "02e6ad15-b00a-4525-822b-ba6cbe2096d1",
              "parentUUID": "e4f4d0ef-20de-4b82-acfc-81f148b38f3b",
              "isHook": false,
              "skipped": false
            },
            {
              "title": "Selecting All Checkboxes",
              "fullTitle": "Handlinng Text Boxes, Radial Buttons and More Selecting All Checkboxes",
              "timedOut": null,
              "duration": 518,
              "state": "passed",
              "speed": "fast",
              "pass": true,
              "fail": false,
              "pending": false,
              "context": null,
              "code": "cy.get(\"input[type='checkbox']\").check([\"option-1\", \"option-2\", \"option-3\", \"option-4\"]).should(\"be.checked\");",
              "err": {},
              "uuid": "958a799f-0793-445d-ae9b-05b6536d0fbc",
              "parentUUID": "e4f4d0ef-20de-4b82-acfc-81f148b38f3b",
              "isHook": false,
              "skipped": false
            }
          ],
          "suites": [],
          "passes": [
            "c703de61-bef4-44a8-9a10-aff0ddc6e443",
            "02e6ad15-b00a-4525-822b-ba6cbe2096d1",
            "958a799f-0793-445d-ae9b-05b6536d0fbc"
          ],
          "failures": [],
          "pending": [],
          "skipped": [],
          "duration": 1956,
          "root": false,
          "rootEmpty": false,
          "_timeout": 2000
        }
      ],
      "passes": [],
      "failures": [],
      "pending": [],
      "skipped": [],
      "duration": 0,
      "root": true,
      "rootEmpty": true,
      "_timeout": 2000
    }
  ],
  "meta": {
    "mocha": {
      "version": "7.0.1"
    },
    "mochawesome": {
      "options": {
        "quiet": true,
        "reportFilename": "mochawesome",
        "saveHtml": false,
        "saveJson": true,
        "consoleReporter": "spec",
        "useInlineDiffs": false,
        "code": true
      },
      "version": "7.1.3"
    },
    "marge": {
      "options": {
        "id": "default",
        "reportDir": "cypress/results/mochawesome",
        "quiet": true,
        "overwrite": false,
        "html": false,
        "json": true
      },
      "version": "6.2.0"
    }
  }
}