{
  "stats": {
    "suites": 1,
    "tests": 1,
    "passes": 1,
    "pending": 0,
    "failures": 0,
    "start": "2022-11-08T17:08:10.327Z",
    "end": "2022-11-08T17:08:14.730Z",
    "duration": 4403,
    "testsRegistered": 1,
    "passPercent": 100,
    "pendingPercent": 0,
    "other": 0,
    "hasOther": false,
    "skipped": 0,
    "hasSkipped": false
  },
  "results": [
    {
      "uuid": "6608342f-28a8-4747-89bc-0191dc8d38a7",
      "title": "",
      "fullFile": "cypress/e2e/webDriver-uni/back-forward-reload.cy.js",
      "file": "cypress/e2e/webDriver-uni/back-forward-reload.cy.js",
      "beforeHooks": [],
      "afterHooks": [],
      "tests": [],
      "suites": [
        {
          "uuid": "9f5c8146-c37e-4ef6-987b-b27e03308da2",
          "title": "Browser Navigation",
          "fullFile": "",
          "file": "",
          "beforeHooks": [],
          "afterHooks": [],
          "tests": [
            {
              "title": "Confirm links redirect to correct page",
              "fullTitle": "Browser Navigation Confirm links redirect to correct page",
              "timedOut": null,
              "duration": 4371,
              "state": "passed",
              "speed": "fast",
              "pass": true,
              "fail": false,
              "pending": false,
              "context": null,
              "code": "cy.get(\"#contact-us\").invoke(\"removeAttr\", \"target\").click();\ncy.url().should(\"include\", \"contactus\"); //to go back we use cy.go()\ncy.go(\"back\");\ncy.reload(); //cy.reload(true) will reload page without using cache\ncy.go(\"forward\");\ncy.url().should(\"include\", \"contactus\");\ncy.go(\"back\");\ncy.get(\"#login-portal\").invoke(\"removeAttr\", \"target\").click();\ncy.url().should(\"include\", \"Login-Portal\");\ncy.go(\"back\");\ncy.get(\"#to-do-list\").invoke(\"removeAttr\", \"target\").click();\ncy.url().should(\"include\", \"To-Do-List\");\ncy.go(\"back\");\ncy.title().should(\"include\", \"WebDriverUniversity.com\");",
              "err": {},
              "uuid": "654c462f-1306-4219-b011-b9bc7c3e80df",
              "parentUUID": "9f5c8146-c37e-4ef6-987b-b27e03308da2",
              "isHook": false,
              "skipped": false
            }
          ],
          "suites": [],
          "passes": [
            "654c462f-1306-4219-b011-b9bc7c3e80df"
          ],
          "failures": [],
          "pending": [],
          "skipped": [],
          "duration": 4371,
          "root": false,
          "rootEmpty": false,
          "_timeout": 2000
        }
      ],
      "passes": [],
      "failures": [],
      "pending": [],
      "skipped": [],
      "duration": 0,
      "root": true,
      "rootEmpty": true,
      "_timeout": 2000
    }
  ],
  "meta": {
    "mocha": {
      "version": "7.0.1"
    },
    "mochawesome": {
      "options": {
        "quiet": true,
        "reportFilename": "mochawesome",
        "saveHtml": false,
        "saveJson": true,
        "consoleReporter": "spec",
        "useInlineDiffs": false,
        "code": true
      },
      "version": "7.1.3"
    },
    "marge": {
      "options": {
        "id": "default",
        "reportDir": "cypress/results/mochawesome",
        "quiet": true,
        "overwrite": false,
        "html": false,
        "json": true
      },
      "version": "6.2.0"
    }
  }
}