{
  "stats": {
    "suites": 1,
    "tests": 1,
    "passes": 1,
    "pending": 0,
    "failures": 0,
    "start": "2022-11-08T17:38:18.339Z",
    "end": "2022-11-08T17:38:20.769Z",
    "duration": 2430,
    "testsRegistered": 1,
    "passPercent": 100,
    "pendingPercent": 0,
    "other": 0,
    "hasOther": false,
    "skipped": 0,
    "hasSkipped": false
  },
  "results": [
    {
      "uuid": "50fb221b-7e8e-4e0a-a350-e94269e04714",
      "title": "",
      "fullFile": "cypress/e2e/webDriver-uni/date-picker.cy.js",
      "file": "cypress/e2e/webDriver-uni/date-picker.cy.js",
      "beforeHooks": [],
      "afterHooks": [],
      "tests": [],
      "suites": [
        {
          "uuid": "c763b7c7-1f70-43ad-9697-df5e5673a430",
          "title": "Hnadling datepicker",
          "fullFile": "",
          "file": "",
          "beforeHooks": [],
          "afterHooks": [],
          "tests": [
            {
              "title": "Selecting dates from a particular datepicker",
              "fullTitle": "Hnadling datepicker Selecting dates from a particular datepicker",
              "timedOut": null,
              "duration": 2400,
              "state": "passed",
              "speed": "fast",
              "pass": true,
              "fail": false,
              "pending": false,
              "context": null,
              "code": "// let date = new Date() //creating an object\n// date.setDate(date.getDate()) //this will get the current date\n// cy.log(date.getDate())\n// let date2 = new Date()\n// date2.setDate(date2.getDate() + 5)\n// cy.log(date2.getDate())\ncy.get(\"#datepicker\").click();\nvar date = new Date();\ndate.setDate(date.getDate() + 90);\nvar futureYear = date.getFullYear();\nvar futureMonth = date.toLocaleString(\"default\", {\n  month: \"long\"\n});\nvar futureDay = date.getDate();\ncy.log(\"Future year to select: \" + futureYear);\ncy.log(\"Future month to select: \" + futureMonth);\ncy.log(\"Future day to select: \" + futureDay);\nfunction selectMonthAndYear() {\n  cy.get('.datepicker-dropdown').find('.datepicker-switch').first().then(currentDate => {\n    if (!currentDate.text().includes(futureYear)) {\n      cy.get('.next').first().click();\n      selectMonthAndYear();\n    }\n  }).then(() => {\n    cy.get('.datepicker-dropdown').find('.datepicker-switch').first().then(currentDate => {\n      if (!currentDate.text().includes(futureMonth)) {\n        cy.get('.next').first().click();\n        selectMonthAndYear();\n      }\n    });\n  });\n}\nfunction selectFutureDay() {\n  cy.get('[class=\"day\"]').contains(futureDay).click();\n}\nselectMonthAndYear();\nselectFutureDay();",
              "err": {},
              "uuid": "0ec29ff5-7246-4b6a-a39b-828b45b6b746",
              "parentUUID": "c763b7c7-1f70-43ad-9697-df5e5673a430",
              "isHook": false,
              "skipped": false
            }
          ],
          "suites": [],
          "passes": [
            "0ec29ff5-7246-4b6a-a39b-828b45b6b746"
          ],
          "failures": [],
          "pending": [],
          "skipped": [],
          "duration": 2400,
          "root": false,
          "rootEmpty": false,
          "_timeout": 2000
        }
      ],
      "passes": [],
      "failures": [],
      "pending": [],
      "skipped": [],
      "duration": 0,
      "root": true,
      "rootEmpty": true,
      "_timeout": 2000
    }
  ],
  "meta": {
    "mocha": {
      "version": "7.0.1"
    },
    "mochawesome": {
      "options": {
        "quiet": true,
        "reportFilename": "mochawesome",
        "saveHtml": false,
        "saveJson": true,
        "consoleReporter": "spec",
        "useInlineDiffs": false,
        "code": true
      },
      "version": "7.1.3"
    },
    "marge": {
      "options": {
        "id": "default",
        "reportDir": "cypress/results/mochawesome",
        "quiet": true,
        "overwrite": false,
        "html": false,
        "json": true
      },
      "version": "6.2.0"
    }
  }
}