{
  "stats": {
    "suites": 1,
    "tests": 16,
    "passes": 16,
    "pending": 0,
    "failures": 0,
    "start": "2022-11-08T17:08:42.147Z",
    "end": "2022-11-08T17:08:51.553Z",
    "duration": 9406,
    "testsRegistered": 16,
    "passPercent": 100,
    "pendingPercent": 0,
    "other": 0,
    "hasOther": false,
    "skipped": 0,
    "hasSkipped": false
  },
  "results": [
    {
      "uuid": "7778efbb-8abe-4320-84e1-eca2b25b900e",
      "title": "",
      "fullFile": "cypress/e2e/webDriver-uni/traversing-elements.cy.js",
      "file": "cypress/e2e/webDriver-uni/traversing-elements.cy.js",
      "beforeHooks": [],
      "afterHooks": [],
      "tests": [],
      "suites": [
        {
          "uuid": "ba268b62-75f6-4e8b-88b0-04446da6eb76",
          "title": "Traversing DOM elements in Cypress",
          "fullFile": "",
          "file": "",
          "beforeHooks": [],
          "afterHooks": [],
          "tests": [
            {
              "title": "children() to get the children of DOM elements",
              "fullTitle": "Traversing DOM elements in Cypress children() to get the children of DOM elements",
              "timedOut": null,
              "duration": 1719,
              "state": "passed",
              "speed": "fast",
              "pass": true,
              "fail": false,
              "pending": false,
              "context": null,
              "code": "cy.get(\".traversal-breadcrumb\").children(\".active\").should(\"contain\", \"Contact Us\");",
              "err": {},
              "uuid": "66a2ca35-d3d0-4a51-8a3b-c0c34ccfe313",
              "parentUUID": "ba268b62-75f6-4e8b-88b0-04446da6eb76",
              "isHook": false,
              "skipped": false
            },
            {
              "title": "closest() to validate the closest ancestor DOM element",
              "fullTitle": "Traversing DOM elements in Cypress closest() to validate the closest ancestor DOM element",
              "timedOut": null,
              "duration": 515,
              "state": "passed",
              "speed": "fast",
              "pass": true,
              "fail": false,
              "pending": false,
              "context": null,
              "code": "cy.get(\".traversal-badge\").closest(\"ul\").should(\"have.class\", \"list-group\");",
              "err": {},
              "uuid": "7792203d-5049-4e62-9d9b-18328890173c",
              "parentUUID": "ba268b62-75f6-4e8b-88b0-04446da6eb76",
              "isHook": false,
              "skipped": false
            },
            {
              "title": "eq() to retrieve a specific element based on index",
              "fullTitle": "Traversing DOM elements in Cypress eq() to retrieve a specific element based on index",
              "timedOut": null,
              "duration": 496,
              "state": "passed",
              "speed": "fast",
              "pass": true,
              "fail": false,
              "pending": false,
              "context": null,
              "code": "cy.get(\".traversal-drinks-list > *\").eq(2).should(\"contain\", \"Milk\");",
              "err": {},
              "uuid": "083ff91a-2208-409e-90c9-ab4953d690a2",
              "parentUUID": "ba268b62-75f6-4e8b-88b0-04446da6eb76",
              "isHook": false,
              "skipped": false
            },
            {
              "title": "filter() to retrieve DOM elements that match a specific selector",
              "fullTitle": "Traversing DOM elements in Cypress filter() to retrieve DOM elements that match a specific selector",
              "timedOut": null,
              "duration": 487,
              "state": "passed",
              "speed": "fast",
              "pass": true,
              "fail": false,
              "pending": false,
              "context": null,
              "code": "cy.get(\".btn-group-toggle > *\").filter(\".active\").should(\"contain\", \"Button-1\");",
              "err": {},
              "uuid": "dd5560cd-91cc-46f3-b342-862eaf995f62",
              "parentUUID": "ba268b62-75f6-4e8b-88b0-04446da6eb76",
              "isHook": false,
              "skipped": false
            },
            {
              "title": "find() to retrieve DOM elements of a given selector",
              "fullTitle": "Traversing DOM elements in Cypress find() to retrieve DOM elements of a given selector",
              "timedOut": null,
              "duration": 517,
              "state": "passed",
              "speed": "fast",
              "pass": true,
              "fail": false,
              "pending": false,
              "context": null,
              "code": "cy.get(\".traversal-pagination\").find(\"li\").find(\"a\").should(\"have.length\", 7);",
              "err": {},
              "uuid": "c8907a15-2d21-4a88-a6cc-4e01834bbdf3",
              "parentUUID": "ba268b62-75f6-4e8b-88b0-04446da6eb76",
              "isHook": false,
              "skipped": false
            },
            {
              "title": "first() to retrieve the first DOM element within elements ",
              "fullTitle": "Traversing DOM elements in Cypress first() to retrieve the first DOM element within elements ",
              "timedOut": null,
              "duration": 493,
              "state": "passed",
              "speed": "fast",
              "pass": true,
              "fail": false,
              "pending": false,
              "context": null,
              "code": "cy.get(\".traversal-table > tbody > tr\").first().should(\"contain\", \"Andy\");",
              "err": {},
              "uuid": "347cf663-4589-4059-bc1e-18be013d30d8",
              "parentUUID": "ba268b62-75f6-4e8b-88b0-04446da6eb76",
              "isHook": false,
              "skipped": false
            },
            {
              "title": "last() to retrieve the last DOM element within elements",
              "fullTitle": "Traversing DOM elements in Cypress last() to retrieve the last DOM element within elements",
              "timedOut": null,
              "duration": 493,
              "state": "passed",
              "speed": "fast",
              "pass": true,
              "fail": false,
              "pending": false,
              "context": null,
              "code": "cy.get(\".traversal-table > tbody > tr\").last().should(\"contain\", \"Scott\");",
              "err": {},
              "uuid": "5180fccb-1494-47d8-a69e-0b52dd5dac79",
              "parentUUID": "ba268b62-75f6-4e8b-88b0-04446da6eb76",
              "isHook": false,
              "skipped": false
            },
            {
              "title": "nextAll() to get all of the next sibling DOM elements within elements",
              "fullTitle": "Traversing DOM elements in Cypress nextAll() to get all of the next sibling DOM elements within elements",
              "timedOut": null,
              "duration": 493,
              "state": "passed",
              "speed": "fast",
              "pass": true,
              "fail": false,
              "pending": false,
              "context": null,
              "code": "cy.get(\".traversal-drinks-list\").contains(\"Tea\").nextAll().should(\"have.length\", 3);",
              "err": {},
              "uuid": "d0cbe35a-6d55-408f-9036-bcbb2048da34",
              "parentUUID": "ba268b62-75f6-4e8b-88b0-04446da6eb76",
              "isHook": false,
              "skipped": false
            },
            {
              "title": "nextUntil() to get all of the next sibling DOM elements within elements until another element",
              "fullTitle": "Traversing DOM elements in Cypress nextUntil() to get all of the next sibling DOM elements within elements until another element",
              "timedOut": null,
              "duration": 499,
              "state": "passed",
              "speed": "fast",
              "pass": true,
              "fail": false,
              "pending": false,
              "context": null,
              "code": "cy.get(\"#coffee\").nextUntil(\"#milk\");",
              "err": {},
              "uuid": "b0b98191-f4a2-477c-94d4-4c183d63e9c5",
              "parentUUID": "ba268b62-75f6-4e8b-88b0-04446da6eb76",
              "isHook": false,
              "skipped": false
            },
            {
              "title": "not() to remove DOM element(s) from the set of elements",
              "fullTitle": "Traversing DOM elements in Cypress not() to remove DOM element(s) from the set of elements",
              "timedOut": null,
              "duration": 520,
              "state": "passed",
              "speed": "fast",
              "pass": true,
              "fail": false,
              "pending": false,
              "context": null,
              "code": "cy.get(\".traversal-button-states > button\").not(\".disabled\").should(\"not.have.class\", \"disabled\");",
              "err": {},
              "uuid": "7ce2f55f-effd-4ee2-ac27-c68533baca68",
              "parentUUID": "ba268b62-75f6-4e8b-88b0-04446da6eb76",
              "isHook": false,
              "skipped": false
            },
            {
              "title": "parent() To get parent DOM element of elements",
              "fullTitle": "Traversing DOM elements in Cypress parent() To get parent DOM element of elements",
              "timedOut": null,
              "duration": 507,
              "state": "passed",
              "speed": "fast",
              "pass": true,
              "fail": false,
              "pending": false,
              "context": null,
              "code": "cy.get(\".traversal-mark\").parent().should(\"contain\", \"Lorem ipsum dolor sit amet,\");",
              "err": {},
              "uuid": "21116132-9d52-4824-8e7b-30664c490afd",
              "parentUUID": "ba268b62-75f6-4e8b-88b0-04446da6eb76",
              "isHook": false,
              "skipped": false
            },
            {
              "title": "parents() to get parents DOM element of elements",
              "fullTitle": "Traversing DOM elements in Cypress parents() to get parents DOM element of elements",
              "timedOut": null,
              "duration": 505,
              "state": "passed",
              "speed": "fast",
              "pass": true,
              "fail": false,
              "pending": false,
              "context": null,
              "code": "cy.get(\".traversal-cite\").parents().should(\"match\", \"blockquote\");",
              "err": {},
              "uuid": "5f1c56a9-6453-46cb-a4d2-818cf50595f3",
              "parentUUID": "ba268b62-75f6-4e8b-88b0-04446da6eb76",
              "isHook": false,
              "skipped": false
            },
            {
              "title": "prev() to get the previous sibling DOM element within elements",
              "fullTitle": "Traversing DOM elements in Cypress prev() to get the previous sibling DOM element within elements",
              "timedOut": null,
              "duration": 492,
              "state": "passed",
              "speed": "fast",
              "pass": true,
              "fail": false,
              "pending": false,
              "context": null,
              "code": "cy.get(\"#sugar\").prev().contains(\"Espresso\");",
              "err": {},
              "uuid": "9310942e-25b9-4ff4-b84a-ca6e0e2ba2a0",
              "parentUUID": "ba268b62-75f6-4e8b-88b0-04446da6eb76",
              "isHook": false,
              "skipped": false
            },
            {
              "title": "prevAll() to get all previous sibling DOM elements within elements",
              "fullTitle": "Traversing DOM elements in Cypress prevAll() to get all previous sibling DOM elements within elements",
              "timedOut": null,
              "duration": 627,
              "state": "passed",
              "speed": "fast",
              "pass": true,
              "fail": false,
              "pending": false,
              "context": null,
              "code": "cy.get(\".sales\").prevAll().should(\"have.length\", 2);",
              "err": {},
              "uuid": "25b18241-8d48-4ad2-b712-e9d3fb92df8e",
              "parentUUID": "ba268b62-75f6-4e8b-88b0-04446da6eb76",
              "isHook": false,
              "skipped": false
            },
            {
              "title": "prevUntil() to get all previous sibling DOM elements within elements until other element",
              "fullTitle": "Traversing DOM elements in Cypress prevUntil() to get all previous sibling DOM elements within elements until other element",
              "timedOut": null,
              "duration": 490,
              "state": "passed",
              "speed": "fast",
              "pass": true,
              "fail": false,
              "pending": false,
              "context": null,
              "code": "cy.get(\"#veggie\").prevUntil(\"#fruits\").should(\"have.length\", 5);",
              "err": {},
              "uuid": "13a025e4-0e8f-4ae1-8c20-241e3f67315a",
              "parentUUID": "ba268b62-75f6-4e8b-88b0-04446da6eb76",
              "isHook": false,
              "skipped": false
            },
            {
              "title": "siblings() To get all sibling DOM elements of elements",
              "fullTitle": "Traversing DOM elements in Cypress siblings() To get all sibling DOM elements of elements",
              "timedOut": null,
              "duration": 488,
              "state": "passed",
              "speed": "fast",
              "pass": true,
              "fail": false,
              "pending": false,
              "context": null,
              "code": "cy.get(\".traversal-button-other-states .active\").siblings().should(\"have.length\", 3);",
              "err": {},
              "uuid": "8398e806-a1a5-487c-af36-75803cfbf55d",
              "parentUUID": "ba268b62-75f6-4e8b-88b0-04446da6eb76",
              "isHook": false,
              "skipped": false
            }
          ],
          "suites": [],
          "passes": [
            "66a2ca35-d3d0-4a51-8a3b-c0c34ccfe313",
            "7792203d-5049-4e62-9d9b-18328890173c",
            "083ff91a-2208-409e-90c9-ab4953d690a2",
            "dd5560cd-91cc-46f3-b342-862eaf995f62",
            "c8907a15-2d21-4a88-a6cc-4e01834bbdf3",
            "347cf663-4589-4059-bc1e-18be013d30d8",
            "5180fccb-1494-47d8-a69e-0b52dd5dac79",
            "d0cbe35a-6d55-408f-9036-bcbb2048da34",
            "b0b98191-f4a2-477c-94d4-4c183d63e9c5",
            "7ce2f55f-effd-4ee2-ac27-c68533baca68",
            "21116132-9d52-4824-8e7b-30664c490afd",
            "5f1c56a9-6453-46cb-a4d2-818cf50595f3",
            "9310942e-25b9-4ff4-b84a-ca6e0e2ba2a0",
            "25b18241-8d48-4ad2-b712-e9d3fb92df8e",
            "13a025e4-0e8f-4ae1-8c20-241e3f67315a",
            "8398e806-a1a5-487c-af36-75803cfbf55d"
          ],
          "failures": [],
          "pending": [],
          "skipped": [],
          "duration": 9341,
          "root": false,
          "rootEmpty": false,
          "_timeout": 2000
        }
      ],
      "passes": [],
      "failures": [],
      "pending": [],
      "skipped": [],
      "duration": 0,
      "root": true,
      "rootEmpty": true,
      "_timeout": 2000
    }
  ],
  "meta": {
    "mocha": {
      "version": "7.0.1"
    },
    "mochawesome": {
      "options": {
        "quiet": true,
        "reportFilename": "mochawesome",
        "saveHtml": false,
        "saveJson": true,
        "consoleReporter": "spec",
        "useInlineDiffs": false,
        "code": true
      },
      "version": "7.1.3"
    },
    "marge": {
      "options": {
        "id": "default",
        "reportDir": "cypress/results/mochawesome",
        "quiet": true,
        "overwrite": false,
        "html": false,
        "json": true
      },
      "version": "6.2.0"
    }
  }
}