{
  "stats": {
    "suites": 1,
    "tests": 2,
    "passes": 2,
    "pending": 0,
    "failures": 0,
    "start": "2022-11-08T17:38:59.565Z",
    "end": "2022-11-08T17:39:03.343Z",
    "duration": 3778,
    "testsRegistered": 2,
    "passPercent": 100,
    "pendingPercent": 0,
    "other": 0,
    "hasOther": false,
    "skipped": 0,
    "hasSkipped": false
  },
  "results": [
    {
      "uuid": "6190c0c3-35b2-4755-a398-dcf88215a226",
      "title": "",
      "fullFile": "cypress/e2e/webDriver-uni/upload-file.cy.js",
      "file": "cypress/e2e/webDriver-uni/upload-file.cy.js",
      "beforeHooks": [],
      "afterHooks": [],
      "tests": [],
      "suites": [
        {
          "uuid": "149d30e6-3686-4425-844d-aa4161f1e211",
          "title": "Test Uploading files",
          "fullFile": "",
          "file": "",
          "beforeHooks": [],
          "afterHooks": [],
          "tests": [
            {
              "title": "Uploading file",
              "fullTitle": "Test Uploading files Uploading file",
              "timedOut": null,
              "duration": 2596,
              "state": "passed",
              "speed": "fast",
              "pass": true,
              "fail": false,
              "pending": false,
              "context": null,
              "code": "cy.get(\"#myFile\").selectFile(\"cypress/fixtures/laptop.png\");\ncy.get(\"#submit-button\").click();",
              "err": {},
              "uuid": "57640106-29b3-47f0-b658-59efb5bfa9cf",
              "parentUUID": "149d30e6-3686-4425-844d-aa4161f1e211",
              "isHook": false,
              "skipped": false
            },
            {
              "title": "Upload No file...",
              "fullTitle": "Test Uploading files Upload No file...",
              "timedOut": null,
              "duration": 1134,
              "state": "passed",
              "speed": "fast",
              "pass": true,
              "fail": false,
              "pending": false,
              "context": null,
              "code": "cy.visit(\"/\");\ncy.get('#file-upload').invoke('removeAttr', 'target').click({\n  force: true\n});",
              "err": {},
              "uuid": "a11c4747-120a-40a0-8d2d-16c00e902c44",
              "parentUUID": "149d30e6-3686-4425-844d-aa4161f1e211",
              "isHook": false,
              "skipped": false
            }
          ],
          "suites": [],
          "passes": [
            "57640106-29b3-47f0-b658-59efb5bfa9cf",
            "a11c4747-120a-40a0-8d2d-16c00e902c44"
          ],
          "failures": [],
          "pending": [],
          "skipped": [],
          "duration": 3730,
          "root": false,
          "rootEmpty": false,
          "_timeout": 2000
        }
      ],
      "passes": [],
      "failures": [],
      "pending": [],
      "skipped": [],
      "duration": 0,
      "root": true,
      "rootEmpty": true,
      "_timeout": 2000
    }
  ],
  "meta": {
    "mocha": {
      "version": "7.0.1"
    },
    "mochawesome": {
      "options": {
        "quiet": true,
        "reportFilename": "mochawesome",
        "saveHtml": false,
        "saveJson": true,
        "consoleReporter": "spec",
        "useInlineDiffs": false,
        "code": true
      },
      "version": "7.1.3"
    },
    "marge": {
      "options": {
        "id": "default",
        "reportDir": "cypress/results/mochawesome",
        "quiet": true,
        "overwrite": false,
        "html": false,
        "json": true
      },
      "version": "6.2.0"
    }
  }
}