{
  "stats": {
    "suites": 1,
    "tests": 1,
    "passes": 1,
    "pending": 0,
    "failures": 0,
    "start": "2022-11-08T17:08:26.794Z",
    "end": "2022-11-08T17:08:29.846Z",
    "duration": 3052,
    "testsRegistered": 1,
    "passPercent": 100,
    "pendingPercent": 0,
    "other": 0,
    "hasOther": false,
    "skipped": 0,
    "hasSkipped": false
  },
  "results": [
    {
      "uuid": "d4438e9c-5269-4522-86c2-a33a031df4fd",
      "title": "",
      "fullFile": "cypress/e2e/webDriver-uni/handle-dropdown-list.cy.js",
      "file": "cypress/e2e/webDriver-uni/handle-dropdown-list.cy.js",
      "beforeHooks": [],
      "afterHooks": [],
      "tests": [],
      "suites": [
        {
          "uuid": "b15c6803-e626-4738-b99a-fae33200b57c",
          "title": "Handlinng Dropdown List",
          "fullFile": "",
          "file": "",
          "beforeHooks": [],
          "afterHooks": [],
          "tests": [
            {
              "title": "Selecting an options from the dropdown list",
              "fullTitle": "Handlinng Dropdown List Selecting an options from the dropdown list",
              "timedOut": null,
              "duration": 3033,
              "state": "passed",
              "speed": "fast",
              "pass": true,
              "fail": false,
              "pending": false,
              "context": null,
              "code": "cy.get(\"#dropdowm-menu-1\").select(\"C#\"); //We are asserting the value\ncy.get(\"#dropdowm-menu-2\").select(\"testng\").should(\"have.value\", \"testng\"); //Asserting with text\ncy.get(\"#dropdowm-menu-3\").select(\"JavaScript\").contains(\"JavaScript\");",
              "err": {},
              "uuid": "c9e295cb-d005-450e-bcb9-bf114c96f802",
              "parentUUID": "b15c6803-e626-4738-b99a-fae33200b57c",
              "isHook": false,
              "skipped": false
            }
          ],
          "suites": [],
          "passes": [
            "c9e295cb-d005-450e-bcb9-bf114c96f802"
          ],
          "failures": [],
          "pending": [],
          "skipped": [],
          "duration": 3033,
          "root": false,
          "rootEmpty": false,
          "_timeout": 2000
        }
      ],
      "passes": [],
      "failures": [],
      "pending": [],
      "skipped": [],
      "duration": 0,
      "root": true,
      "rootEmpty": true,
      "_timeout": 2000
    }
  ],
  "meta": {
    "mocha": {
      "version": "7.0.1"
    },
    "mochawesome": {
      "options": {
        "quiet": true,
        "reportFilename": "mochawesome",
        "saveHtml": false,
        "saveJson": true,
        "consoleReporter": "spec",
        "useInlineDiffs": false,
        "code": true
      },
      "version": "7.1.3"
    },
    "marge": {
      "options": {
        "id": "default",
        "reportDir": "cypress/results/mochawesome",
        "quiet": true,
        "overwrite": false,
        "html": false,
        "json": true
      },
      "version": "6.2.0"
    }
  }
}