{
  "stats": {
    "suites": 1,
    "tests": 2,
    "passes": 2,
    "pending": 0,
    "failures": 0,
    "start": "2022-11-08T17:38:10.127Z",
    "end": "2022-11-08T17:38:15.789Z",
    "duration": 5662,
    "testsRegistered": 2,
    "passPercent": 100,
    "pendingPercent": 0,
    "other": 0,
    "hasOther": false,
    "skipped": 0,
    "hasSkipped": false
  },
  "results": [
    {
      "uuid": "bb665f80-1882-49f5-bda3-16f73d577128",
      "title": "",
      "fullFile": "cypress/e2e/webDriver-uni/contact-us.cy.js",
      "file": "cypress/e2e/webDriver-uni/contact-us.cy.js",
      "beforeHooks": [],
      "afterHooks": [],
      "tests": [],
      "suites": [
        {
          "uuid": "0e9275f2-d5f2-46f7-b2ab-d8b6d140122e",
          "title": "Test Contact Us form via WebdriverUni",
          "fullFile": "",
          "file": "",
          "beforeHooks": [],
          "afterHooks": [],
          "tests": [
            {
              "title": "Should be able to submit a successful submission via contact us form",
              "fullTitle": "Test Contact Us form via WebdriverUni Should be able to submit a successful submission via contact us form",
              "timedOut": null,
              "duration": 3907,
              "state": "passed",
              "speed": "fast",
              "pass": true,
              "fail": false,
              "pending": false,
              "context": null,
              "code": "cy.document().should(\"have.property\", \"charset\").and(\"eq\", \"UTF-8\");\ncy.title().should(\"include\", \"WebDriver | Contact Us\");\ncy.url().should(\"include\", \"contactus\");\ncontact_Us_PO.contactSubmissionForm(data.first_name, data.last_name, data.email, \"How can I learn Cypress?\", \"h1\", \"Thank You for your Message!\");",
              "err": {},
              "uuid": "72709aab-503c-41b2-b76c-0a3ee98a4abc",
              "parentUUID": "0e9275f2-d5f2-46f7-b2ab-d8b6d140122e",
              "isHook": false,
              "skipped": false
            },
            {
              "title": "Should not be able to submit a successful submission via contact us form as all fields are required",
              "fullTitle": "Test Contact Us form via WebdriverUni Should not be able to submit a successful submission via contact us form as all fields are required",
              "timedOut": null,
              "duration": 1722,
              "state": "passed",
              "speed": "fast",
              "pass": true,
              "fail": false,
              "pending": false,
              "context": null,
              "code": "cy.document().should(\"have.property\", \"charset\").and(\"eq\", \"UTF-8\");\ncy.title().should(\"include\", \"WebDriver | Contact Us\");\ncy.url().should(\"include\", \"contactus\");\ncontact_Us_PO.contactSubmissionForm(data.first_name, data.last_name, \" \", \"How can I learn Cypress?\", \"body\", \"Error: Invalid email address\");",
              "err": {},
              "uuid": "808c0991-cf3b-4bdf-a641-0cea8be27176",
              "parentUUID": "0e9275f2-d5f2-46f7-b2ab-d8b6d140122e",
              "isHook": false,
              "skipped": false
            }
          ],
          "suites": [],
          "passes": [
            "72709aab-503c-41b2-b76c-0a3ee98a4abc",
            "808c0991-cf3b-4bdf-a641-0cea8be27176"
          ],
          "failures": [],
          "pending": [],
          "skipped": [],
          "duration": 5629,
          "root": false,
          "rootEmpty": false,
          "_timeout": 2000
        }
      ],
      "passes": [],
      "failures": [],
      "pending": [],
      "skipped": [],
      "duration": 0,
      "root": true,
      "rootEmpty": true,
      "_timeout": 2000
    }
  ],
  "meta": {
    "mocha": {
      "version": "7.0.1"
    },
    "mochawesome": {
      "options": {
        "quiet": true,
        "reportFilename": "mochawesome",
        "saveHtml": false,
        "saveJson": true,
        "consoleReporter": "spec",
        "useInlineDiffs": false,
        "code": true
      },
      "version": "7.1.3"
    },
    "marge": {
      "options": {
        "id": "default",
        "reportDir": "cypress/results/mochawesome",
        "quiet": true,
        "overwrite": false,
        "html": false,
        "json": true
      },
      "version": "6.2.0"
    }
  }
}