{
  "stats": {
    "suites": 1,
    "tests": 1,
    "passes": 1,
    "pending": 0,
    "failures": 0,
    "start": "2022-11-08T17:39:11.558Z",
    "end": "2022-11-08T17:39:13.539Z",
    "duration": 1981,
    "testsRegistered": 1,
    "passPercent": 100,
    "pendingPercent": 0,
    "other": 0,
    "hasOther": false,
    "skipped": 0,
    "hasSkipped": false
  },
  "results": [
    {
      "uuid": "14559d9f-1c76-4a9e-be24-5c3ce8c8b09c",
      "title": "",
      "fullFile": "cypress/e2e/webDriver-uni/working-with-radioBtns.cy.js",
      "file": "cypress/e2e/webDriver-uni/working-with-radioBtns.cy.js",
      "beforeHooks": [],
      "afterHooks": [],
      "tests": [],
      "suites": [
        {
          "uuid": "50c42ad6-851d-45fb-bf6b-4ec0c3b33322",
          "title": "Handlinng Radio BTNS",
          "fullFile": "",
          "file": "",
          "beforeHooks": [],
          "afterHooks": [],
          "tests": [
            {
              "title": "Selected & Disabled",
              "fullTitle": "Handlinng Radio BTNS Selected & Disabled",
              "timedOut": null,
              "duration": 1934,
              "state": "passed",
              "speed": "fast",
              "pass": true,
              "fail": false,
              "pending": false,
              "context": null,
              "code": "cy.get(\"[id='radio-buttons-selected-disabled']\").find(\"[value='lettuce']\").should(\"not.be.checked\");\ncy.get(\"[id='radio-buttons-selected-disabled']\").find(\"[value='cabbage']\").should(\"not.be.checked\");\ncy.get(\"[id='radio-buttons-selected-disabled']\").find(\"[value='pumpkin']\").should(\"be.checked\");",
              "err": {},
              "uuid": "274bfcd9-d7e2-49d0-bad1-d85c3583c85b",
              "parentUUID": "50c42ad6-851d-45fb-bf6b-4ec0c3b33322",
              "isHook": false,
              "skipped": false
            }
          ],
          "suites": [],
          "passes": [
            "274bfcd9-d7e2-49d0-bad1-d85c3583c85b"
          ],
          "failures": [],
          "pending": [],
          "skipped": [],
          "duration": 1934,
          "root": false,
          "rootEmpty": false,
          "_timeout": 2000
        }
      ],
      "passes": [],
      "failures": [],
      "pending": [],
      "skipped": [],
      "duration": 0,
      "root": true,
      "rootEmpty": true,
      "_timeout": 2000
    }
  ],
  "meta": {
    "mocha": {
      "version": "7.0.1"
    },
    "mochawesome": {
      "options": {
        "quiet": true,
        "reportFilename": "mochawesome",
        "saveHtml": false,
        "saveJson": true,
        "consoleReporter": "spec",
        "useInlineDiffs": false,
        "code": true
      },
      "version": "7.1.3"
    },
    "marge": {
      "options": {
        "id": "default",
        "reportDir": "cypress/results/mochawesome",
        "quiet": true,
        "overwrite": false,
        "html": false,
        "json": true
      },
      "version": "6.2.0"
    }
  }
}